D:\Ji@AMD\povwin_s\povwin-3.62\windows\vs2008\\x64\tiff.bsc
D:\Ji@AMD\povwin_s\povwin-3.62\windows\vs2008\\x64\tiff.pdb
D:\JI@AMD\POVWIN_S\POVWIN-3.62\WINDOWS\VS2008\X64\TIFF.BSC
D:\Ji@AMD\povwin_s\povwin-3.62\windows\vs2008\x64\tiff\debug\BscMake.command.1.tlog
D:\Ji@AMD\povwin_s\povwin-3.62\windows\vs2008\x64\tiff\debug\bscmake.read.1.tlog
D:\Ji@AMD\povwin_s\povwin-3.62\windows\vs2008\x64\tiff\debug\bscmake.write.1.tlog
D:\Ji@AMD\povwin_s\povwin-3.62\windows\vs2008\x64\tiff\debug\cl.command.1.tlog
D:\Ji@AMD\povwin_s\povwin-3.62\windows\vs2008\x64\tiff\debug\CL.read.1.tlog
D:\Ji@AMD\povwin_s\povwin-3.62\windows\vs2008\x64\tiff\debug\CL.write.1.tlog
D:\Ji@AMD\povwin_s\povwin-3.62\windows\vs2008\x64\tiff\debug\lib.command.1.tlog
D:\Ji@AMD\povwin_s\povwin-3.62\windows\vs2008\x64\tiff\debug\Lib-link.read.1.tlog
D:\Ji@AMD\povwin_s\povwin-3.62\windows\vs2008\x64\tiff\debug\Lib-link.write.1.tlog
D:\JI@AMD\POVWIN_S\POVWIN-3.62\WINDOWS\VS2008\X64\TIFF\DEBUG\TIF_AUX.OBJ
D:\JI@AMD\POVWIN_S\POVWIN-3.62\WINDOWS\VS2008\X64\TIFF\DEBUG\TIF_AUX.SBR
D:\JI@AMD\POVWIN_S\POVWIN-3.62\WINDOWS\VS2008\X64\TIFF\DEBUG\TIF_CLOSE.OBJ
D:\JI@AMD\POVWIN_S\POVWIN-3.62\WINDOWS\VS2008\X64\TIFF\DEBUG\TIF_CLOSE.SBR
D:\JI@AMD\POVWIN_S\POVWIN-3.62\WINDOWS\VS2008\X64\TIFF\DEBUG\TIF_CODEC.OBJ
D:\JI@AMD\POVWIN_S\POVWIN-3.62\WINDOWS\VS2008\X64\TIFF\DEBUG\TIF_CODEC.SBR
D:\JI@AMD\POVWIN_S\POVWIN-3.62\WINDOWS\VS2008\X64\TIFF\DEBUG\TIF_COLOR.OBJ
D:\JI@AMD\POVWIN_S\POVWIN-3.62\WINDOWS\VS2008\X64\TIFF\DEBUG\TIF_COLOR.SBR
D:\JI@AMD\POVWIN_S\POVWIN-3.62\WINDOWS\VS2008\X64\TIFF\DEBUG\TIF_COMPRESS.OBJ
D:\JI@AMD\POVWIN_S\POVWIN-3.62\WINDOWS\VS2008\X64\TIFF\DEBUG\TIF_COMPRESS.SBR
D:\JI@AMD\POVWIN_S\POVWIN-3.62\WINDOWS\VS2008\X64\TIFF\DEBUG\TIF_DIR.OBJ
D:\JI@AMD\POVWIN_S\POVWIN-3.62\WINDOWS\VS2008\X64\TIFF\DEBUG\TIF_DIR.SBR
D:\JI@AMD\POVWIN_S\POVWIN-3.62\WINDOWS\VS2008\X64\TIFF\DEBUG\TIF_DIRINFO.OBJ
D:\JI@AMD\POVWIN_S\POVWIN-3.62\WINDOWS\VS2008\X64\TIFF\DEBUG\TIF_DIRINFO.SBR
D:\JI@AMD\POVWIN_S\POVWIN-3.62\WINDOWS\VS2008\X64\TIFF\DEBUG\TIF_DIRREAD.OBJ
D:\JI@AMD\POVWIN_S\POVWIN-3.62\WINDOWS\VS2008\X64\TIFF\DEBUG\TIF_DIRREAD.SBR
D:\JI@AMD\POVWIN_S\POVWIN-3.62\WINDOWS\VS2008\X64\TIFF\DEBUG\TIF_DIRWRITE.OBJ
D:\JI@AMD\POVWIN_S\POVWIN-3.62\WINDOWS\VS2008\X64\TIFF\DEBUG\TIF_DIRWRITE.SBR
D:\JI@AMD\POVWIN_S\POVWIN-3.62\WINDOWS\VS2008\X64\TIFF\DEBUG\TIF_DUMPMODE.OBJ
D:\JI@AMD\POVWIN_S\POVWIN-3.62\WINDOWS\VS2008\X64\TIFF\DEBUG\TIF_DUMPMODE.SBR
D:\JI@AMD\POVWIN_S\POVWIN-3.62\WINDOWS\VS2008\X64\TIFF\DEBUG\TIF_ERROR.OBJ
D:\JI@AMD\POVWIN_S\POVWIN-3.62\WINDOWS\VS2008\X64\TIFF\DEBUG\TIF_ERROR.SBR
D:\JI@AMD\POVWIN_S\POVWIN-3.62\WINDOWS\VS2008\X64\TIFF\DEBUG\TIF_FAX3.OBJ
D:\JI@AMD\POVWIN_S\POVWIN-3.62\WINDOWS\VS2008\X64\TIFF\DEBUG\TIF_FAX3.SBR
D:\JI@AMD\POVWIN_S\POVWIN-3.62\WINDOWS\VS2008\X64\TIFF\DEBUG\TIF_FAX3SM.OBJ
D:\JI@AMD\POVWIN_S\POVWIN-3.62\WINDOWS\VS2008\X64\TIFF\DEBUG\TIF_FAX3SM.SBR
D:\JI@AMD\POVWIN_S\POVWIN-3.62\WINDOWS\VS2008\X64\TIFF\DEBUG\TIF_FLUSH.OBJ
D:\JI@AMD\POVWIN_S\POVWIN-3.62\WINDOWS\VS2008\X64\TIFF\DEBUG\TIF_FLUSH.SBR
D:\JI@AMD\POVWIN_S\POVWIN-3.62\WINDOWS\VS2008\X64\TIFF\DEBUG\TIF_GETIMAGE.OBJ
D:\JI@AMD\POVWIN_S\POVWIN-3.62\WINDOWS\VS2008\X64\TIFF\DEBUG\TIF_GETIMAGE.SBR
D:\JI@AMD\POVWIN_S\POVWIN-3.62\WINDOWS\VS2008\X64\TIFF\DEBUG\TIF_JPEG.OBJ
D:\JI@AMD\POVWIN_S\POVWIN-3.62\WINDOWS\VS2008\X64\TIFF\DEBUG\TIF_JPEG.SBR
D:\JI@AMD\POVWIN_S\POVWIN-3.62\WINDOWS\VS2008\X64\TIFF\DEBUG\TIF_LUV.OBJ
D:\JI@AMD\POVWIN_S\POVWIN-3.62\WINDOWS\VS2008\X64\TIFF\DEBUG\TIF_LUV.SBR
D:\JI@AMD\POVWIN_S\POVWIN-3.62\WINDOWS\VS2008\X64\TIFF\DEBUG\TIF_LZW.OBJ
D:\JI@AMD\POVWIN_S\POVWIN-3.62\WINDOWS\VS2008\X64\TIFF\DEBUG\TIF_LZW.SBR
D:\JI@AMD\POVWIN_S\POVWIN-3.62\WINDOWS\VS2008\X64\TIFF\DEBUG\TIF_NEXT.OBJ
D:\JI@AMD\POVWIN_S\POVWIN-3.62\WINDOWS\VS2008\X64\TIFF\DEBUG\TIF_NEXT.SBR
D:\JI@AMD\POVWIN_S\POVWIN-3.62\WINDOWS\VS2008\X64\TIFF\DEBUG\TIF_OPEN.OBJ
D:\JI@AMD\POVWIN_S\POVWIN-3.62\WINDOWS\VS2008\X64\TIFF\DEBUG\TIF_OPEN.SBR
D:\JI@AMD\POVWIN_S\POVWIN-3.62\WINDOWS\VS2008\X64\TIFF\DEBUG\TIF_PACKBITS.OBJ
D:\JI@AMD\POVWIN_S\POVWIN-3.62\WINDOWS\VS2008\X64\TIFF\DEBUG\TIF_PACKBITS.SBR
D:\JI@AMD\POVWIN_S\POVWIN-3.62\WINDOWS\VS2008\X64\TIFF\DEBUG\TIF_PIXARLOG.OBJ
D:\JI@AMD\POVWIN_S\POVWIN-3.62\WINDOWS\VS2008\X64\TIFF\DEBUG\TIF_PIXARLOG.SBR
D:\JI@AMD\POVWIN_S\POVWIN-3.62\WINDOWS\VS2008\X64\TIFF\DEBUG\TIF_PREDICT.OBJ
D:\JI@AMD\POVWIN_S\POVWIN-3.62\WINDOWS\VS2008\X64\TIFF\DEBUG\TIF_PREDICT.SBR
D:\JI@AMD\POVWIN_S\POVWIN-3.62\WINDOWS\VS2008\X64\TIFF\DEBUG\TIF_PRINT.OBJ
D:\JI@AMD\POVWIN_S\POVWIN-3.62\WINDOWS\VS2008\X64\TIFF\DEBUG\TIF_PRINT.SBR
D:\JI@AMD\POVWIN_S\POVWIN-3.62\WINDOWS\VS2008\X64\TIFF\DEBUG\TIF_READ.OBJ
D:\JI@AMD\POVWIN_S\POVWIN-3.62\WINDOWS\VS2008\X64\TIFF\DEBUG\TIF_READ.SBR
D:\JI@AMD\POVWIN_S\POVWIN-3.62\WINDOWS\VS2008\X64\TIFF\DEBUG\TIF_STRIP.OBJ
D:\JI@AMD\POVWIN_S\POVWIN-3.62\WINDOWS\VS2008\X64\TIFF\DEBUG\TIF_STRIP.SBR
D:\JI@AMD\POVWIN_S\POVWIN-3.62\WINDOWS\VS2008\X64\TIFF\DEBUG\TIF_SWAB.OBJ
D:\JI@AMD\POVWIN_S\POVWIN-3.62\WINDOWS\VS2008\X64\TIFF\DEBUG\TIF_SWAB.SBR
D:\JI@AMD\POVWIN_S\POVWIN-3.62\WINDOWS\VS2008\X64\TIFF\DEBUG\TIF_THUNDER.OBJ
D:\JI@AMD\POVWIN_S\POVWIN-3.62\WINDOWS\VS2008\X64\TIFF\DEBUG\TIF_THUNDER.SBR
D:\JI@AMD\POVWIN_S\POVWIN-3.62\WINDOWS\VS2008\X64\TIFF\DEBUG\TIF_TILE.OBJ
D:\JI@AMD\POVWIN_S\POVWIN-3.62\WINDOWS\VS2008\X64\TIFF\DEBUG\TIF_TILE.SBR
D:\JI@AMD\POVWIN_S\POVWIN-3.62\WINDOWS\VS2008\X64\TIFF\DEBUG\TIF_VERSION.OBJ
D:\JI@AMD\POVWIN_S\POVWIN-3.62\WINDOWS\VS2008\X64\TIFF\DEBUG\TIF_VERSION.SBR
D:\JI@AMD\POVWIN_S\POVWIN-3.62\WINDOWS\VS2008\X64\TIFF\DEBUG\TIF_WARNING.OBJ
D:\JI@AMD\POVWIN_S\POVWIN-3.62\WINDOWS\VS2008\X64\TIFF\DEBUG\TIF_WARNING.SBR
D:\JI@AMD\POVWIN_S\POVWIN-3.62\WINDOWS\VS2008\X64\TIFF\DEBUG\TIF_WIN32.OBJ
D:\JI@AMD\POVWIN_S\POVWIN-3.62\WINDOWS\VS2008\X64\TIFF\DEBUG\TIF_WIN32.SBR
D:\JI@AMD\POVWIN_S\POVWIN-3.62\WINDOWS\VS2008\X64\TIFF\DEBUG\TIF_WRITE.OBJ
D:\JI@AMD\POVWIN_S\POVWIN-3.62\WINDOWS\VS2008\X64\TIFF\DEBUG\TIF_WRITE.SBR
D:\JI@AMD\POVWIN_S\POVWIN-3.62\WINDOWS\VS2008\X64\TIFF\DEBUG\TIF_ZIP.OBJ
D:\JI@AMD\POVWIN_S\POVWIN-3.62\WINDOWS\VS2008\X64\TIFF\DEBUG\TIF_ZIP.SBR
D:\JI@AMD\POVWIN_S\POVWIN-3.62\WINDOWS\VS2008\X64\TIFF\DEBUG\TIFF.LIB
D:\JI@AMD\POVWIN_S\POVWIN-3.62\WINDOWS\VS2008\X64\TIFF\DEBUG\TIFF.PDB
D:\Ji@AMD\povwin_s\povwin-3.62\windows\vs2008\x64\tiff\debug\tiff.write.1.tlog
