File:..\..\source\texture.cpp  Line:1147  Size:116
File:..\..\source\pigment.cpp  Line: 187  Size:156
File:..\..\source\texture.cpp  Line:1243  Size:160
File:..\..\source\matrices.cpp  Line:1078  Size:256
File:..\..\source\camera.cpp  Line: 213  Size:280
File:..\..\source\parse.cpp  Line: 228  Size:800
File:..\..\source\texture.cpp  Line:1147  Size:116
File:..\..\source\pigment.cpp  Line: 187  Size:156
File:..\..\source\texture.cpp  Line:1243  Size:160
File:..\..\source\matrices.cpp  Line:1078  Size:256
File:..\..\source\camera.cpp  Line: 213  Size:280
File:..\..\source\parse.cpp  Line: 228  Size:800
File:..\..\source\texture.cpp  Line:1147  Size:116
File:..\..\source\pigment.cpp  Line: 187  Size:156
File:..\..\source\texture.cpp  Line:1243  Size:160
File:..\..\source\matrices.cpp  Line:1078  Size:256
File:..\..\source\camera.cpp  Line: 213  Size:280
File:..\..\source\parse.cpp  Line: 228  Size:800
File:..\..\source\texture.cpp  Line:1147  Size:116
File:..\..\source\pigment.cpp  Line: 187  Size:156
File:..\..\source\texture.cpp  Line:1243  Size:160
File:..\..\source\matrices.cpp  Line:1078  Size:256
File:..\..\source\camera.cpp  Line: 213  Size:280
File:..\..\source\parse.cpp  Line: 228  Size:800
File:..\..\source\texture.cpp  Line:1147  Size:116
File:..\..\source\pigment.cpp  Line: 187  Size:156
File:..\..\source\texture.cpp  Line:1243  Size:160
File:..\..\source\matrices.cpp  Line:1078  Size:256
File:..\..\source\camera.cpp  Line: 213  Size:280
File:..\..\source\parse.cpp  Line: 228  Size:800
File:..\..\source\texture.cpp  Line:1147  Size:116
File:..\..\source\pigment.cpp  Line: 187  Size:156
File:..\..\source\texture.cpp  Line:1243  Size:160
File:..\..\source\matrices.cpp  Line:1078  Size:256
File:..\..\source\camera.cpp  Line: 213  Size:280
File:..\..\source\parse.cpp  Line: 228  Size:800
File:..\..\source\texture.cpp  Line:1147  Size:116
File:..\..\source\pigment.cpp  Line: 187  Size:156
File:..\..\source\texture.cpp  Line:1243  Size:160
File:..\..\source\matrices.cpp  Line:1078  Size:256
File:..\..\source\camera.cpp  Line: 213  Size:280
File:..\..\source\parse.cpp  Line: 228  Size:800
File:..\..\source\texture.cpp  Line:1147  Size:116
File:..\..\source\pigment.cpp  Line: 187  Size:156
File:..\..\source\texture.cpp  Line:1243  Size:160
File:..\..\source\matrices.cpp  Line:1078  Size:256
File:..\..\source\camera.cpp  Line: 213  Size:280
File:..\..\source\parse.cpp  Line: 228  Size:800
File:..\..\source\parse.cpp  Line: 228  Size:800
File:..\..\source\texture.cpp  Line:1147  Size:116
File:..\..\source\pigment.cpp  Line: 187  Size:156
File:..\..\source\texture.cpp  Line:1243  Size:160
File:..\..\source\matrices.cpp  Line:1078  Size:256
File:..\..\source\camera.cpp  Line: 213  Size:280
File:..\..\source\parse.cpp  Line: 228  Size:800
