D:\Ji@AMD\povwin_s\povwin-3.62\windows\vs2008\\x64\libpng.bsc
D:\Ji@AMD\povwin_s\povwin-3.62\windows\vs2008\\x64\libpng.pdb
D:\JI@AMD\POVWIN_S\POVWIN-3.62\WINDOWS\VS2008\X64\LIBPNG.BSC
D:\Ji@AMD\povwin_s\povwin-3.62\windows\vs2008\x64\libpng\debug\BscMake.command.1.tlog
D:\Ji@AMD\povwin_s\povwin-3.62\windows\vs2008\x64\libpng\debug\bscmake.read.1.tlog
D:\Ji@AMD\povwin_s\povwin-3.62\windows\vs2008\x64\libpng\debug\bscmake.write.1.tlog
D:\Ji@AMD\povwin_s\povwin-3.62\windows\vs2008\x64\libpng\debug\cl.command.1.tlog
D:\Ji@AMD\povwin_s\povwin-3.62\windows\vs2008\x64\libpng\debug\CL.read.1.tlog
D:\Ji@AMD\povwin_s\povwin-3.62\windows\vs2008\x64\libpng\debug\CL.write.1.tlog
D:\Ji@AMD\povwin_s\povwin-3.62\windows\vs2008\x64\libpng\debug\lib.command.1.tlog
D:\Ji@AMD\povwin_s\povwin-3.62\windows\vs2008\x64\libpng\debug\Lib-link.read.1.tlog
D:\Ji@AMD\povwin_s\povwin-3.62\windows\vs2008\x64\libpng\debug\Lib-link.write.1.tlog
D:\JI@AMD\POVWIN_S\POVWIN-3.62\WINDOWS\VS2008\X64\LIBPNG\DEBUG\LIBPNG.LIB
D:\JI@AMD\POVWIN_S\POVWIN-3.62\WINDOWS\VS2008\X64\LIBPNG\DEBUG\LIBPNG.PDB
D:\Ji@AMD\povwin_s\povwin-3.62\windows\vs2008\x64\libpng\debug\libpng.write.1.tlog
D:\JI@AMD\POVWIN_S\POVWIN-3.62\WINDOWS\VS2008\X64\LIBPNG\DEBUG\PNG.OBJ
D:\JI@AMD\POVWIN_S\POVWIN-3.62\WINDOWS\VS2008\X64\LIBPNG\DEBUG\PNG.SBR
D:\JI@AMD\POVWIN_S\POVWIN-3.62\WINDOWS\VS2008\X64\LIBPNG\DEBUG\PNGERROR.OBJ
D:\JI@AMD\POVWIN_S\POVWIN-3.62\WINDOWS\VS2008\X64\LIBPNG\DEBUG\PNGERROR.SBR
D:\JI@AMD\POVWIN_S\POVWIN-3.62\WINDOWS\VS2008\X64\LIBPNG\DEBUG\PNGGET.OBJ
D:\JI@AMD\POVWIN_S\POVWIN-3.62\WINDOWS\VS2008\X64\LIBPNG\DEBUG\PNGGET.SBR
D:\JI@AMD\POVWIN_S\POVWIN-3.62\WINDOWS\VS2008\X64\LIBPNG\DEBUG\PNGMEM.OBJ
D:\JI@AMD\POVWIN_S\POVWIN-3.62\WINDOWS\VS2008\X64\LIBPNG\DEBUG\PNGMEM.SBR
D:\JI@AMD\POVWIN_S\POVWIN-3.62\WINDOWS\VS2008\X64\LIBPNG\DEBUG\PNGPREAD.OBJ
D:\JI@AMD\POVWIN_S\POVWIN-3.62\WINDOWS\VS2008\X64\LIBPNG\DEBUG\PNGPREAD.SBR
D:\JI@AMD\POVWIN_S\POVWIN-3.62\WINDOWS\VS2008\X64\LIBPNG\DEBUG\PNGREAD.OBJ
D:\JI@AMD\POVWIN_S\POVWIN-3.62\WINDOWS\VS2008\X64\LIBPNG\DEBUG\PNGREAD.SBR
D:\JI@AMD\POVWIN_S\POVWIN-3.62\WINDOWS\VS2008\X64\LIBPNG\DEBUG\PNGRIO.OBJ
D:\JI@AMD\POVWIN_S\POVWIN-3.62\WINDOWS\VS2008\X64\LIBPNG\DEBUG\PNGRIO.SBR
D:\JI@AMD\POVWIN_S\POVWIN-3.62\WINDOWS\VS2008\X64\LIBPNG\DEBUG\PNGRTRAN.OBJ
D:\JI@AMD\POVWIN_S\POVWIN-3.62\WINDOWS\VS2008\X64\LIBPNG\DEBUG\PNGRTRAN.SBR
D:\JI@AMD\POVWIN_S\POVWIN-3.62\WINDOWS\VS2008\X64\LIBPNG\DEBUG\PNGRUTIL.OBJ
D:\JI@AMD\POVWIN_S\POVWIN-3.62\WINDOWS\VS2008\X64\LIBPNG\DEBUG\PNGRUTIL.SBR
D:\JI@AMD\POVWIN_S\POVWIN-3.62\WINDOWS\VS2008\X64\LIBPNG\DEBUG\PNGSET.OBJ
D:\JI@AMD\POVWIN_S\POVWIN-3.62\WINDOWS\VS2008\X64\LIBPNG\DEBUG\PNGSET.SBR
D:\JI@AMD\POVWIN_S\POVWIN-3.62\WINDOWS\VS2008\X64\LIBPNG\DEBUG\PNGTRANS.OBJ
D:\JI@AMD\POVWIN_S\POVWIN-3.62\WINDOWS\VS2008\X64\LIBPNG\DEBUG\PNGTRANS.SBR
D:\JI@AMD\POVWIN_S\POVWIN-3.62\WINDOWS\VS2008\X64\LIBPNG\DEBUG\PNGVCRD.OBJ
D:\JI@AMD\POVWIN_S\POVWIN-3.62\WINDOWS\VS2008\X64\LIBPNG\DEBUG\PNGVCRD.SBR
D:\JI@AMD\POVWIN_S\POVWIN-3.62\WINDOWS\VS2008\X64\LIBPNG\DEBUG\PNGWIO.OBJ
D:\JI@AMD\POVWIN_S\POVWIN-3.62\WINDOWS\VS2008\X64\LIBPNG\DEBUG\PNGWIO.SBR
D:\JI@AMD\POVWIN_S\POVWIN-3.62\WINDOWS\VS2008\X64\LIBPNG\DEBUG\PNGWRITE.OBJ
D:\JI@AMD\POVWIN_S\POVWIN-3.62\WINDOWS\VS2008\X64\LIBPNG\DEBUG\PNGWRITE.SBR
D:\JI@AMD\POVWIN_S\POVWIN-3.62\WINDOWS\VS2008\X64\LIBPNG\DEBUG\PNGWTRAN.OBJ
D:\JI@AMD\POVWIN_S\POVWIN-3.62\WINDOWS\VS2008\X64\LIBPNG\DEBUG\PNGWTRAN.SBR
D:\JI@AMD\POVWIN_S\POVWIN-3.62\WINDOWS\VS2008\X64\LIBPNG\DEBUG\PNGWUTIL.OBJ
D:\JI@AMD\POVWIN_S\POVWIN-3.62\WINDOWS\VS2008\X64\LIBPNG\DEBUG\PNGWUTIL.SBR
