D:\JI@AMD\POVWIN_S\POVWIN-3.62\WINDOWS\VS2008\BIN64\PVENGINE64.EXE
D:\JI@AMD\POVWIN_S\POVWIN-3.62\WINDOWS\VS2008\X64\POVWIN\DEBUG\ATMOSPH.OBJ
D:\JI@AMD\POVWIN_S\POVWIN-3.62\WINDOWS\VS2008\X64\POVWIN\DEBUG\ATMOSPH.SBR
D:\JI@AMD\POVWIN_S\POVWIN-3.62\WINDOWS\VS2008\X64\POVWIN\DEBUG\BBOX.OBJ
D:\JI@AMD\POVWIN_S\POVWIN-3.62\WINDOWS\VS2008\X64\POVWIN\DEBUG\BBOX.SBR
D:\JI@AMD\POVWIN_S\POVWIN-3.62\WINDOWS\VS2008\X64\POVWIN\DEBUG\BCYL.OBJ
D:\JI@AMD\POVWIN_S\POVWIN-3.62\WINDOWS\VS2008\X64\POVWIN\DEBUG\BCYL.SBR
D:\JI@AMD\POVWIN_S\POVWIN-3.62\WINDOWS\VS2008\X64\POVWIN\DEBUG\BENCHMARK.OBJ
D:\JI@AMD\POVWIN_S\POVWIN-3.62\WINDOWS\VS2008\X64\POVWIN\DEBUG\BENCHMARK.SBR
D:\JI@AMD\POVWIN_S\POVWIN-3.62\WINDOWS\VS2008\X64\POVWIN\DEBUG\BEZIER.OBJ
D:\JI@AMD\POVWIN_S\POVWIN-3.62\WINDOWS\VS2008\X64\POVWIN\DEBUG\BEZIER.SBR
D:\JI@AMD\POVWIN_S\POVWIN-3.62\WINDOWS\VS2008\X64\POVWIN\DEBUG\BLOB.OBJ
D:\JI@AMD\POVWIN_S\POVWIN-3.62\WINDOWS\VS2008\X64\POVWIN\DEBUG\BLOB.SBR
D:\JI@AMD\POVWIN_S\POVWIN-3.62\WINDOWS\VS2008\X64\POVWIN\DEBUG\BOXES.OBJ
D:\JI@AMD\POVWIN_S\POVWIN-3.62\WINDOWS\VS2008\X64\POVWIN\DEBUG\BOXES.SBR
D:\Ji@AMD\povwin_s\povwin-3.62\windows\vs2008\x64\povwin\debug\BscMake.command.1.tlog
D:\Ji@AMD\povwin_s\povwin-3.62\windows\vs2008\x64\povwin\debug\bscmake.read.1.tlog
D:\Ji@AMD\povwin_s\povwin-3.62\windows\vs2008\x64\povwin\debug\bscmake.write.1.tlog
D:\JI@AMD\POVWIN_S\POVWIN-3.62\WINDOWS\VS2008\X64\POVWIN\DEBUG\BSPHERE.OBJ
D:\JI@AMD\POVWIN_S\POVWIN-3.62\WINDOWS\VS2008\X64\POVWIN\DEBUG\BSPHERE.SBR
D:\JI@AMD\POVWIN_S\POVWIN-3.62\WINDOWS\VS2008\X64\POVWIN\DEBUG\CAMERA.OBJ
D:\JI@AMD\POVWIN_S\POVWIN-3.62\WINDOWS\VS2008\X64\POVWIN\DEBUG\CAMERA.SBR
D:\JI@AMD\POVWIN_S\POVWIN-3.62\WINDOWS\VS2008\X64\POVWIN\DEBUG\CHI2.OBJ
D:\JI@AMD\POVWIN_S\POVWIN-3.62\WINDOWS\VS2008\X64\POVWIN\DEBUG\CHI2.SBR
D:\Ji@AMD\povwin_s\povwin-3.62\windows\vs2008\x64\povwin\debug\cl.command.1.tlog
D:\Ji@AMD\povwin_s\povwin-3.62\windows\vs2008\x64\povwin\debug\CL.read.1.tlog
D:\Ji@AMD\povwin_s\povwin-3.62\windows\vs2008\x64\povwin\debug\CL.write.1.tlog
D:\JI@AMD\POVWIN_S\POVWIN-3.62\WINDOWS\VS2008\X64\POVWIN\DEBUG\COLOUR.OBJ
D:\JI@AMD\POVWIN_S\POVWIN-3.62\WINDOWS\VS2008\X64\POVWIN\DEBUG\COLOUR.SBR
D:\JI@AMD\POVWIN_S\POVWIN-3.62\WINDOWS\VS2008\X64\POVWIN\DEBUG\COLUTILS.OBJ
D:\JI@AMD\POVWIN_S\POVWIN-3.62\WINDOWS\VS2008\X64\POVWIN\DEBUG\COLUTILS.SBR
D:\JI@AMD\POVWIN_S\POVWIN-3.62\WINDOWS\VS2008\X64\POVWIN\DEBUG\CONES.OBJ
D:\JI@AMD\POVWIN_S\POVWIN-3.62\WINDOWS\VS2008\X64\POVWIN\DEBUG\CONES.SBR
D:\JI@AMD\POVWIN_S\POVWIN-3.62\WINDOWS\VS2008\X64\POVWIN\DEBUG\CSG.OBJ
D:\JI@AMD\POVWIN_S\POVWIN-3.62\WINDOWS\VS2008\X64\POVWIN\DEBUG\CSG.SBR
D:\JI@AMD\POVWIN_S\POVWIN-3.62\WINDOWS\VS2008\X64\POVWIN\DEBUG\DEFAULTPLATFORMBASE.OBJ
D:\JI@AMD\POVWIN_S\POVWIN-3.62\WINDOWS\VS2008\X64\POVWIN\DEBUG\DEFAULTPLATFORMBASE.SBR
D:\JI@AMD\POVWIN_S\POVWIN-3.62\WINDOWS\VS2008\X64\POVWIN\DEBUG\DEFAULTRENDERFRONTEND.OBJ
D:\JI@AMD\POVWIN_S\POVWIN-3.62\WINDOWS\VS2008\X64\POVWIN\DEBUG\DEFAULTRENDERFRONTEND.SBR
D:\JI@AMD\POVWIN_S\POVWIN-3.62\WINDOWS\VS2008\X64\POVWIN\DEBUG\DISCS.OBJ
D:\JI@AMD\POVWIN_S\POVWIN-3.62\WINDOWS\VS2008\X64\POVWIN\DEBUG\DISCS.SBR
D:\JI@AMD\POVWIN_S\POVWIN-3.62\WINDOWS\VS2008\X64\POVWIN\DEBUG\EXPRESS.OBJ
D:\JI@AMD\POVWIN_S\POVWIN-3.62\WINDOWS\VS2008\X64\POVWIN\DEBUG\EXPRESS.SBR
D:\JI@AMD\POVWIN_S\POVWIN-3.62\WINDOWS\VS2008\X64\POVWIN\DEBUG\FILEINPUTOUTPUT.OBJ
D:\JI@AMD\POVWIN_S\POVWIN-3.62\WINDOWS\VS2008\X64\POVWIN\DEBUG\FILEINPUTOUTPUT.SBR
D:\JI@AMD\POVWIN_S\POVWIN-3.62\WINDOWS\VS2008\X64\POVWIN\DEBUG\FNCODE.OBJ
D:\JI@AMD\POVWIN_S\POVWIN-3.62\WINDOWS\VS2008\X64\POVWIN\DEBUG\FNCODE.SBR
D:\JI@AMD\POVWIN_S\POVWIN-3.62\WINDOWS\VS2008\X64\POVWIN\DEBUG\FNINTERN.OBJ
D:\JI@AMD\POVWIN_S\POVWIN-3.62\WINDOWS\VS2008\X64\POVWIN\DEBUG\FNINTERN.SBR
D:\JI@AMD\POVWIN_S\POVWIN-3.62\WINDOWS\VS2008\X64\POVWIN\DEBUG\FNPOVFPU.OBJ
D:\JI@AMD\POVWIN_S\POVWIN-3.62\WINDOWS\VS2008\X64\POVWIN\DEBUG\FNPOVFPU.SBR
D:\JI@AMD\POVWIN_S\POVWIN-3.62\WINDOWS\VS2008\X64\POVWIN\DEBUG\FNSYNTAX.OBJ
D:\JI@AMD\POVWIN_S\POVWIN-3.62\WINDOWS\VS2008\X64\POVWIN\DEBUG\FNSYNTAX.SBR
D:\JI@AMD\POVWIN_S\POVWIN-3.62\WINDOWS\VS2008\X64\POVWIN\DEBUG\FPMETRIC.OBJ
D:\JI@AMD\POVWIN_S\POVWIN-3.62\WINDOWS\VS2008\X64\POVWIN\DEBUG\FPMETRIC.SBR
D:\JI@AMD\POVWIN_S\POVWIN-3.62\WINDOWS\VS2008\X64\POVWIN\DEBUG\FRACTAL.OBJ
D:\JI@AMD\POVWIN_S\POVWIN-3.62\WINDOWS\VS2008\X64\POVWIN\DEBUG\FRACTAL.SBR
D:\JI@AMD\POVWIN_S\POVWIN-3.62\WINDOWS\VS2008\X64\POVWIN\DEBUG\FUNCTION.OBJ
D:\JI@AMD\POVWIN_S\POVWIN-3.62\WINDOWS\VS2008\X64\POVWIN\DEBUG\FUNCTION.SBR
D:\JI@AMD\POVWIN_S\POVWIN-3.62\WINDOWS\VS2008\X64\POVWIN\DEBUG\GIF.OBJ
D:\JI@AMD\POVWIN_S\POVWIN-3.62\WINDOWS\VS2008\X64\POVWIN\DEBUG\GIF.SBR
D:\JI@AMD\POVWIN_S\POVWIN-3.62\WINDOWS\VS2008\X64\POVWIN\DEBUG\GIFDECOD.OBJ
D:\JI@AMD\POVWIN_S\POVWIN-3.62\WINDOWS\VS2008\X64\POVWIN\DEBUG\GIFDECOD.SBR
D:\JI@AMD\POVWIN_S\POVWIN-3.62\WINDOWS\VS2008\X64\POVWIN\DEBUG\HCMPLX.OBJ
D:\JI@AMD\POVWIN_S\POVWIN-3.62\WINDOWS\VS2008\X64\POVWIN\DEBUG\HCMPLX.SBR
D:\JI@AMD\POVWIN_S\POVWIN-3.62\WINDOWS\VS2008\X64\POVWIN\DEBUG\HFIELD.OBJ
D:\JI@AMD\POVWIN_S\POVWIN-3.62\WINDOWS\VS2008\X64\POVWIN\DEBUG\HFIELD.SBR
D:\JI@AMD\POVWIN_S\POVWIN-3.62\WINDOWS\VS2008\X64\POVWIN\DEBUG\HISTOGRA.OBJ
D:\JI@AMD\POVWIN_S\POVWIN-3.62\WINDOWS\VS2008\X64\POVWIN\DEBUG\HISTOGRA.SBR
D:\JI@AMD\POVWIN_S\POVWIN-3.62\WINDOWS\VS2008\X64\POVWIN\DEBUG\IFF.OBJ
D:\JI@AMD\POVWIN_S\POVWIN-3.62\WINDOWS\VS2008\X64\POVWIN\DEBUG\IFF.SBR
D:\JI@AMD\POVWIN_S\POVWIN-3.62\WINDOWS\VS2008\X64\POVWIN\DEBUG\IMAGE.OBJ
D:\JI@AMD\POVWIN_S\POVWIN-3.62\WINDOWS\VS2008\X64\POVWIN\DEBUG\IMAGE.SBR
D:\JI@AMD\POVWIN_S\POVWIN-3.62\WINDOWS\VS2008\X64\POVWIN\DEBUG\INTERIOR.OBJ
D:\JI@AMD\POVWIN_S\POVWIN-3.62\WINDOWS\VS2008\X64\POVWIN\DEBUG\INTERIOR.SBR
D:\JI@AMD\POVWIN_S\POVWIN-3.62\WINDOWS\VS2008\X64\POVWIN\DEBUG\ISOSURF.OBJ
D:\JI@AMD\POVWIN_S\POVWIN-3.62\WINDOWS\VS2008\X64\POVWIN\DEBUG\ISOSURF.SBR
D:\JI@AMD\POVWIN_S\POVWIN-3.62\WINDOWS\VS2008\X64\POVWIN\DEBUG\JPEG_POV.OBJ
D:\JI@AMD\POVWIN_S\POVWIN-3.62\WINDOWS\VS2008\X64\POVWIN\DEBUG\JPEG_POV.SBR
D:\JI@AMD\POVWIN_S\POVWIN-3.62\WINDOWS\VS2008\X64\POVWIN\DEBUG\LATHE.OBJ
D:\JI@AMD\POVWIN_S\POVWIN-3.62\WINDOWS\VS2008\X64\POVWIN\DEBUG\LATHE.SBR
D:\JI@AMD\POVWIN_S\POVWIN-3.62\WINDOWS\VS2008\X64\POVWIN\DEBUG\LBUFFER.OBJ
D:\JI@AMD\POVWIN_S\POVWIN-3.62\WINDOWS\VS2008\X64\POVWIN\DEBUG\LBUFFER.SBR
D:\JI@AMD\POVWIN_S\POVWIN-3.62\WINDOWS\VS2008\X64\POVWIN\DEBUG\LIGHTGRP.OBJ
D:\JI@AMD\POVWIN_S\POVWIN-3.62\WINDOWS\VS2008\X64\POVWIN\DEBUG\LIGHTGRP.SBR
D:\JI@AMD\POVWIN_S\POVWIN-3.62\WINDOWS\VS2008\X64\POVWIN\DEBUG\LIGHTING.OBJ
D:\JI@AMD\POVWIN_S\POVWIN-3.62\WINDOWS\VS2008\X64\POVWIN\DEBUG\LIGHTING.SBR
D:\Ji@AMD\povwin_s\povwin-3.62\windows\vs2008\x64\povwin\debug\link.command.1.tlog
D:\Ji@AMD\povwin_s\povwin-3.62\windows\vs2008\x64\povwin\debug\link.read.1.tlog
D:\Ji@AMD\povwin_s\povwin-3.62\windows\vs2008\x64\povwin\debug\link.write.1.tlog
D:\Ji@AMD\povwin_s\povwin-3.62\windows\vs2008\x64\povwin\debug\link-cvtres.read.1.tlog
D:\Ji@AMD\povwin_s\povwin-3.62\windows\vs2008\x64\povwin\debug\link-cvtres.write.1.tlog
D:\JI@AMD\POVWIN_S\POVWIN-3.62\WINDOWS\VS2008\X64\POVWIN\DEBUG\MATHUTIL.OBJ
D:\JI@AMD\POVWIN_S\POVWIN-3.62\WINDOWS\VS2008\X64\POVWIN\DEBUG\MATHUTIL.SBR
D:\JI@AMD\POVWIN_S\POVWIN-3.62\WINDOWS\VS2008\X64\POVWIN\DEBUG\MATRICES.OBJ
D:\JI@AMD\POVWIN_S\POVWIN-3.62\WINDOWS\VS2008\X64\POVWIN\DEBUG\MATRICES.SBR
D:\JI@AMD\POVWIN_S\POVWIN-3.62\WINDOWS\VS2008\X64\POVWIN\DEBUG\MEDIA.OBJ
D:\JI@AMD\POVWIN_S\POVWIN-3.62\WINDOWS\VS2008\X64\POVWIN\DEBUG\MEDIA.SBR
D:\JI@AMD\POVWIN_S\POVWIN-3.62\WINDOWS\VS2008\X64\POVWIN\DEBUG\MESH.OBJ
D:\JI@AMD\POVWIN_S\POVWIN-3.62\WINDOWS\VS2008\X64\POVWIN\DEBUG\MESH.SBR
D:\JI@AMD\POVWIN_S\POVWIN-3.62\WINDOWS\VS2008\X64\POVWIN\DEBUG\MESSAGEOUTPUT.OBJ
D:\JI@AMD\POVWIN_S\POVWIN-3.62\WINDOWS\VS2008\X64\POVWIN\DEBUG\MESSAGEOUTPUT.SBR
D:\Ji@AMD\povwin_s\povwin-3.62\windows\vs2008\x64\povwin\debug\mt.command.1.tlog
D:\Ji@AMD\povwin_s\povwin-3.62\windows\vs2008\x64\povwin\debug\mt.read.1.tlog
D:\Ji@AMD\povwin_s\povwin-3.62\windows\vs2008\x64\povwin\debug\mt.write.1.tlog
D:\JI@AMD\POVWIN_S\POVWIN-3.62\WINDOWS\VS2008\X64\POVWIN\DEBUG\NORMAL.OBJ
D:\JI@AMD\POVWIN_S\POVWIN-3.62\WINDOWS\VS2008\X64\POVWIN\DEBUG\NORMAL.SBR
D:\JI@AMD\POVWIN_S\POVWIN-3.62\WINDOWS\VS2008\X64\POVWIN\DEBUG\OBJECTS.OBJ
D:\JI@AMD\POVWIN_S\POVWIN-3.62\WINDOWS\VS2008\X64\POVWIN\DEBUG\OBJECTS.SBR
D:\JI@AMD\POVWIN_S\POVWIN-3.62\WINDOWS\VS2008\X64\POVWIN\DEBUG\OCTREE.OBJ
D:\JI@AMD\POVWIN_S\POVWIN-3.62\WINDOWS\VS2008\X64\POVWIN\DEBUG\OCTREE.SBR
D:\JI@AMD\POVWIN_S\POVWIN-3.62\WINDOWS\VS2008\X64\POVWIN\DEBUG\OPTOUT.OBJ
D:\JI@AMD\POVWIN_S\POVWIN-3.62\WINDOWS\VS2008\X64\POVWIN\DEBUG\OPTOUT.SBR
D:\JI@AMD\POVWIN_S\POVWIN-3.62\WINDOWS\VS2008\X64\POVWIN\DEBUG\PARSE.OBJ
D:\JI@AMD\POVWIN_S\POVWIN-3.62\WINDOWS\VS2008\X64\POVWIN\DEBUG\PARSE.SBR
D:\JI@AMD\POVWIN_S\POVWIN-3.62\WINDOWS\VS2008\X64\POVWIN\DEBUG\PARSESTR.OBJ
D:\JI@AMD\POVWIN_S\POVWIN-3.62\WINDOWS\VS2008\X64\POVWIN\DEBUG\PARSESTR.SBR
D:\JI@AMD\POVWIN_S\POVWIN-3.62\WINDOWS\VS2008\X64\POVWIN\DEBUG\PARSTXTR.OBJ
D:\JI@AMD\POVWIN_S\POVWIN-3.62\WINDOWS\VS2008\X64\POVWIN\DEBUG\PARSTXTR.SBR
D:\JI@AMD\POVWIN_S\POVWIN-3.62\WINDOWS\VS2008\X64\POVWIN\DEBUG\PATTERN.OBJ
D:\JI@AMD\POVWIN_S\POVWIN-3.62\WINDOWS\VS2008\X64\POVWIN\DEBUG\PATTERN.SBR
D:\JI@AMD\POVWIN_S\POVWIN-3.62\WINDOWS\VS2008\X64\POVWIN\DEBUG\PGM.OBJ
D:\JI@AMD\POVWIN_S\POVWIN-3.62\WINDOWS\VS2008\X64\POVWIN\DEBUG\PGM.SBR
D:\JI@AMD\POVWIN_S\POVWIN-3.62\WINDOWS\VS2008\X64\POVWIN\DEBUG\PHOTONS.OBJ
D:\JI@AMD\POVWIN_S\POVWIN-3.62\WINDOWS\VS2008\X64\POVWIN\DEBUG\PHOTONS.SBR
D:\JI@AMD\POVWIN_S\POVWIN-3.62\WINDOWS\VS2008\X64\POVWIN\DEBUG\PIGMENT.OBJ
D:\JI@AMD\POVWIN_S\POVWIN-3.62\WINDOWS\VS2008\X64\POVWIN\DEBUG\PIGMENT.SBR
D:\JI@AMD\POVWIN_S\POVWIN-3.62\WINDOWS\VS2008\X64\POVWIN\DEBUG\PLANES.OBJ
D:\JI@AMD\POVWIN_S\POVWIN-3.62\WINDOWS\VS2008\X64\POVWIN\DEBUG\PLANES.SBR
D:\JI@AMD\POVWIN_S\POVWIN-3.62\WINDOWS\VS2008\X64\POVWIN\DEBUG\PNG_POV.OBJ
D:\JI@AMD\POVWIN_S\POVWIN-3.62\WINDOWS\VS2008\X64\POVWIN\DEBUG\PNG_POV.SBR
D:\JI@AMD\POVWIN_S\POVWIN-3.62\WINDOWS\VS2008\X64\POVWIN\DEBUG\POINT.OBJ
D:\JI@AMD\POVWIN_S\POVWIN-3.62\WINDOWS\VS2008\X64\POVWIN\DEBUG\POINT.SBR
D:\JI@AMD\POVWIN_S\POVWIN-3.62\WINDOWS\VS2008\X64\POVWIN\DEBUG\POLY.OBJ
D:\JI@AMD\POVWIN_S\POVWIN-3.62\WINDOWS\VS2008\X64\POVWIN\DEBUG\POLY.SBR
D:\JI@AMD\POVWIN_S\POVWIN-3.62\WINDOWS\VS2008\X64\POVWIN\DEBUG\POLYGON.OBJ
D:\JI@AMD\POVWIN_S\POVWIN-3.62\WINDOWS\VS2008\X64\POVWIN\DEBUG\POLYGON.SBR
D:\JI@AMD\POVWIN_S\POVWIN-3.62\WINDOWS\VS2008\X64\POVWIN\DEBUG\POLYSOLV.OBJ
D:\JI@AMD\POVWIN_S\POVWIN-3.62\WINDOWS\VS2008\X64\POVWIN\DEBUG\POLYSOLV.SBR
D:\JI@AMD\POVWIN_S\POVWIN-3.62\WINDOWS\VS2008\X64\POVWIN\DEBUG\POV_MEM.OBJ
D:\JI@AMD\POVWIN_S\POVWIN-3.62\WINDOWS\VS2008\X64\POVWIN\DEBUG\POV_MEM.SBR
D:\JI@AMD\POVWIN_S\POVWIN-3.62\WINDOWS\VS2008\X64\POVWIN\DEBUG\POV_UTIL.OBJ
D:\JI@AMD\POVWIN_S\POVWIN-3.62\WINDOWS\VS2008\X64\POVWIN\DEBUG\POV_UTIL.SBR
D:\JI@AMD\POVWIN_S\POVWIN-3.62\WINDOWS\VS2008\X64\POVWIN\DEBUG\POVMS.OBJ
D:\JI@AMD\POVWIN_S\POVWIN-3.62\WINDOWS\VS2008\X64\POVWIN\DEBUG\POVMS.SBR
D:\JI@AMD\POVWIN_S\POVWIN-3.62\WINDOWS\VS2008\X64\POVWIN\DEBUG\POVMSCPP.OBJ
D:\JI@AMD\POVWIN_S\POVWIN-3.62\WINDOWS\VS2008\X64\POVWIN\DEBUG\POVMSCPP.SBR
D:\JI@AMD\POVWIN_S\POVWIN-3.62\WINDOWS\VS2008\X64\POVWIN\DEBUG\POVMSEND.OBJ
D:\JI@AMD\POVWIN_S\POVWIN-3.62\WINDOWS\VS2008\X64\POVWIN\DEBUG\POVMSEND.SBR
D:\JI@AMD\POVWIN_S\POVWIN-3.62\WINDOWS\VS2008\X64\POVWIN\DEBUG\POVMSREC.OBJ
D:\JI@AMD\POVWIN_S\POVWIN-3.62\WINDOWS\VS2008\X64\POVWIN\DEBUG\POVMSREC.SBR
D:\JI@AMD\POVWIN_S\POVWIN-3.62\WINDOWS\VS2008\X64\POVWIN\DEBUG\POVRAY.OBJ
D:\JI@AMD\POVWIN_S\POVWIN-3.62\WINDOWS\VS2008\X64\POVWIN\DEBUG\POVRAY.SBR
D:\JI@AMD\POVWIN_S\POVWIN-3.62\WINDOWS\VS2008\X64\POVWIN\DEBUG\POVWIN.EXE.INTERMEDIATE.MANIFEST
D:\Ji@AMD\povwin_s\povwin-3.62\windows\vs2008\x64\povwin\debug\povwin.write.1.tlog
D:\JI@AMD\POVWIN_S\POVWIN-3.62\WINDOWS\VS2008\X64\POVWIN\DEBUG\PPM.OBJ
D:\JI@AMD\POVWIN_S\POVWIN-3.62\WINDOWS\VS2008\X64\POVWIN\DEBUG\PPM.SBR
D:\JI@AMD\POVWIN_S\POVWIN-3.62\WINDOWS\VS2008\X64\POVWIN\DEBUG\PRISM.OBJ
D:\JI@AMD\POVWIN_S\POVWIN-3.62\WINDOWS\VS2008\X64\POVWIN\DEBUG\PRISM.SBR
D:\JI@AMD\POVWIN_S\POVWIN-3.62\WINDOWS\VS2008\X64\POVWIN\DEBUG\PROCESSOPTIONS.OBJ
D:\JI@AMD\POVWIN_S\POVWIN-3.62\WINDOWS\VS2008\X64\POVWIN\DEBUG\PROCESSOPTIONS.SBR
D:\JI@AMD\POVWIN_S\POVWIN-3.62\WINDOWS\VS2008\X64\POVWIN\DEBUG\PROCESSRENDEROPTIONS.OBJ
D:\JI@AMD\POVWIN_S\POVWIN-3.62\WINDOWS\VS2008\X64\POVWIN\DEBUG\PROCESSRENDEROPTIONS.SBR
D:\JI@AMD\POVWIN_S\POVWIN-3.62\WINDOWS\VS2008\X64\POVWIN\DEBUG\PVBITMAP.OBJ
D:\JI@AMD\POVWIN_S\POVWIN-3.62\WINDOWS\VS2008\X64\POVWIN\DEBUG\PVBITMAP.SBR
D:\JI@AMD\POVWIN_S\POVWIN-3.62\WINDOWS\VS2008\X64\POVWIN\DEBUG\PVBMP.OBJ
D:\JI@AMD\POVWIN_S\POVWIN-3.62\WINDOWS\VS2008\X64\POVWIN\DEBUG\PVBMP.SBR
D:\JI@AMD\POVWIN_S\POVWIN-3.62\WINDOWS\VS2008\X64\POVWIN\DEBUG\PVDIALOG.OBJ
D:\JI@AMD\POVWIN_S\POVWIN-3.62\WINDOWS\VS2008\X64\POVWIN\DEBUG\PVDIALOG.SBR
D:\JI@AMD\POVWIN_S\POVWIN-3.62\WINDOWS\VS2008\X64\POVWIN\DEBUG\PVEDIT.OBJ
D:\JI@AMD\POVWIN_S\POVWIN-3.62\WINDOWS\VS2008\X64\POVWIN\DEBUG\PVEDIT.SBR
D:\JI@AMD\POVWIN_S\POVWIN-3.62\WINDOWS\VS2008\X64\POVWIN\DEBUG\PVENGINE.OBJ
D:\JI@AMD\POVWIN_S\POVWIN-3.62\WINDOWS\VS2008\X64\POVWIN\DEBUG\PVENGINE.RES
D:\JI@AMD\POVWIN_S\POVWIN-3.62\WINDOWS\VS2008\X64\POVWIN\DEBUG\PVENGINE.SBR
D:\JI@AMD\POVWIN_S\POVWIN-3.62\WINDOWS\VS2008\X64\POVWIN\DEBUG\PVFILES.OBJ
D:\JI@AMD\POVWIN_S\POVWIN-3.62\WINDOWS\VS2008\X64\POVWIN\DEBUG\PVFILES.SBR
D:\JI@AMD\POVWIN_S\POVWIN-3.62\WINDOWS\VS2008\X64\POVWIN\DEBUG\PVFRONTEND.OBJ
D:\JI@AMD\POVWIN_S\POVWIN-3.62\WINDOWS\VS2008\X64\POVWIN\DEBUG\PVFRONTEND.SBR
D:\JI@AMD\POVWIN_S\POVWIN-3.62\WINDOWS\VS2008\X64\POVWIN\DEBUG\PVGUIEXT.OBJ
D:\JI@AMD\POVWIN_S\POVWIN-3.62\WINDOWS\VS2008\X64\POVWIN\DEBUG\PVGUIEXT.SBR
D:\JI@AMD\POVWIN_S\POVWIN-3.62\WINDOWS\VS2008\X64\POVWIN\DEBUG\PVMENU.OBJ
D:\JI@AMD\POVWIN_S\POVWIN-3.62\WINDOWS\VS2008\X64\POVWIN\DEBUG\PVMENU.SBR
D:\JI@AMD\POVWIN_S\POVWIN-3.62\WINDOWS\VS2008\X64\POVWIN\DEBUG\PVMISC.OBJ
D:\JI@AMD\POVWIN_S\POVWIN-3.62\WINDOWS\VS2008\X64\POVWIN\DEBUG\PVMISC.SBR
D:\JI@AMD\POVWIN_S\POVWIN-3.62\WINDOWS\VS2008\X64\POVWIN\DEBUG\PVTEXT.OBJ
D:\JI@AMD\POVWIN_S\POVWIN-3.62\WINDOWS\VS2008\X64\POVWIN\DEBUG\PVTEXT.SBR
D:\JI@AMD\POVWIN_S\POVWIN-3.62\WINDOWS\VS2008\X64\POVWIN\DEBUG\QUADRICS.OBJ
D:\JI@AMD\POVWIN_S\POVWIN-3.62\WINDOWS\VS2008\X64\POVWIN\DEBUG\QUADRICS.SBR
D:\JI@AMD\POVWIN_S\POVWIN-3.62\WINDOWS\VS2008\X64\POVWIN\DEBUG\QUATERN.OBJ
D:\JI@AMD\POVWIN_S\POVWIN-3.62\WINDOWS\VS2008\X64\POVWIN\DEBUG\QUATERN.SBR
D:\JI@AMD\POVWIN_S\POVWIN-3.62\WINDOWS\VS2008\X64\POVWIN\DEBUG\RAD_DATA.OBJ
D:\JI@AMD\POVWIN_S\POVWIN-3.62\WINDOWS\VS2008\X64\POVWIN\DEBUG\RAD_DATA.SBR
D:\JI@AMD\POVWIN_S\POVWIN-3.62\WINDOWS\VS2008\X64\POVWIN\DEBUG\RADIOSIT.OBJ
D:\JI@AMD\POVWIN_S\POVWIN-3.62\WINDOWS\VS2008\X64\POVWIN\DEBUG\RADIOSIT.SBR
D:\JI@AMD\POVWIN_S\POVWIN-3.62\WINDOWS\VS2008\X64\POVWIN\DEBUG\RAY.OBJ
D:\JI@AMD\POVWIN_S\POVWIN-3.62\WINDOWS\VS2008\X64\POVWIN\DEBUG\RAY.SBR
D:\Ji@AMD\povwin_s\povwin-3.62\windows\vs2008\x64\povwin\debug\rc.command.1.tlog
D:\Ji@AMD\povwin_s\povwin-3.62\windows\vs2008\x64\povwin\debug\rc.read.1.tlog
D:\Ji@AMD\povwin_s\povwin-3.62\windows\vs2008\x64\povwin\debug\rc.write.1.tlog
D:\JI@AMD\POVWIN_S\POVWIN-3.62\WINDOWS\VS2008\X64\POVWIN\DEBUG\RENDCTRL.OBJ
D:\JI@AMD\POVWIN_S\POVWIN-3.62\WINDOWS\VS2008\X64\POVWIN\DEBUG\RENDCTRL.SBR
D:\JI@AMD\POVWIN_S\POVWIN-3.62\WINDOWS\VS2008\X64\POVWIN\DEBUG\RENDER.OBJ
D:\JI@AMD\POVWIN_S\POVWIN-3.62\WINDOWS\VS2008\X64\POVWIN\DEBUG\RENDER.SBR
D:\JI@AMD\POVWIN_S\POVWIN-3.62\WINDOWS\VS2008\X64\POVWIN\DEBUG\RENDERFRONTEND.OBJ
D:\JI@AMD\POVWIN_S\POVWIN-3.62\WINDOWS\VS2008\X64\POVWIN\DEBUG\RENDERFRONTEND.SBR
D:\JI@AMD\POVWIN_S\POVWIN-3.62\WINDOWS\VS2008\X64\POVWIN\DEBUG\RENDERIO.OBJ
D:\JI@AMD\POVWIN_S\POVWIN-3.62\WINDOWS\VS2008\X64\POVWIN\DEBUG\RENDERIO.SBR
D:\JI@AMD\POVWIN_S\POVWIN-3.62\WINDOWS\VS2008\X64\POVWIN\DEBUG\RESWORDS.OBJ
D:\JI@AMD\POVWIN_S\POVWIN-3.62\WINDOWS\VS2008\X64\POVWIN\DEBUG\RESWORDS.SBR
D:\JI@AMD\POVWIN_S\POVWIN-3.62\WINDOWS\VS2008\X64\POVWIN\DEBUG\SOR.OBJ
D:\JI@AMD\POVWIN_S\POVWIN-3.62\WINDOWS\VS2008\X64\POVWIN\DEBUG\SOR.SBR
D:\JI@AMD\POVWIN_S\POVWIN-3.62\WINDOWS\VS2008\X64\POVWIN\DEBUG\SPHERES.OBJ
D:\JI@AMD\POVWIN_S\POVWIN-3.62\WINDOWS\VS2008\X64\POVWIN\DEBUG\SPHERES.SBR
D:\JI@AMD\POVWIN_S\POVWIN-3.62\WINDOWS\VS2008\X64\POVWIN\DEBUG\SPHSWEEP.OBJ
D:\JI@AMD\POVWIN_S\POVWIN-3.62\WINDOWS\VS2008\X64\POVWIN\DEBUG\SPHSWEEP.SBR
D:\JI@AMD\POVWIN_S\POVWIN-3.62\WINDOWS\VS2008\X64\POVWIN\DEBUG\SPLINES.OBJ
D:\JI@AMD\POVWIN_S\POVWIN-3.62\WINDOWS\VS2008\X64\POVWIN\DEBUG\SPLINES.SBR
D:\JI@AMD\POVWIN_S\POVWIN-3.62\WINDOWS\VS2008\X64\POVWIN\DEBUG\STATSPOV.OBJ
D:\JI@AMD\POVWIN_S\POVWIN-3.62\WINDOWS\VS2008\X64\POVWIN\DEBUG\STATSPOV.SBR
D:\JI@AMD\POVWIN_S\POVWIN-3.62\WINDOWS\VS2008\X64\POVWIN\DEBUG\STRINGUTILITIES.OBJ
D:\JI@AMD\POVWIN_S\POVWIN-3.62\WINDOWS\VS2008\X64\POVWIN\DEBUG\STRINGUTILITIES.SBR
D:\JI@AMD\POVWIN_S\POVWIN-3.62\WINDOWS\VS2008\X64\POVWIN\DEBUG\SUPER.OBJ
D:\JI@AMD\POVWIN_S\POVWIN-3.62\WINDOWS\VS2008\X64\POVWIN\DEBUG\SUPER.SBR
D:\JI@AMD\POVWIN_S\POVWIN-3.62\WINDOWS\VS2008\X64\POVWIN\DEBUG\TARGA.OBJ
D:\JI@AMD\POVWIN_S\POVWIN-3.62\WINDOWS\VS2008\X64\POVWIN\DEBUG\TARGA.SBR
D:\JI@AMD\POVWIN_S\POVWIN-3.62\WINDOWS\VS2008\X64\POVWIN\DEBUG\TEXTSTREAM.OBJ
D:\JI@AMD\POVWIN_S\POVWIN-3.62\WINDOWS\VS2008\X64\POVWIN\DEBUG\TEXTSTREAM.SBR
D:\JI@AMD\POVWIN_S\POVWIN-3.62\WINDOWS\VS2008\X64\POVWIN\DEBUG\TEXTSTREAMBUFFER.OBJ
D:\JI@AMD\POVWIN_S\POVWIN-3.62\WINDOWS\VS2008\X64\POVWIN\DEBUG\TEXTSTREAMBUFFER.SBR
D:\JI@AMD\POVWIN_S\POVWIN-3.62\WINDOWS\VS2008\X64\POVWIN\DEBUG\TEXTURE.OBJ
D:\JI@AMD\POVWIN_S\POVWIN-3.62\WINDOWS\VS2008\X64\POVWIN\DEBUG\TEXTURE.SBR
D:\JI@AMD\POVWIN_S\POVWIN-3.62\WINDOWS\VS2008\X64\POVWIN\DEBUG\TIFF_POV.OBJ
D:\JI@AMD\POVWIN_S\POVWIN-3.62\WINDOWS\VS2008\X64\POVWIN\DEBUG\TIFF_POV.SBR
D:\JI@AMD\POVWIN_S\POVWIN-3.62\WINDOWS\VS2008\X64\POVWIN\DEBUG\TOKENIZE.OBJ
D:\JI@AMD\POVWIN_S\POVWIN-3.62\WINDOWS\VS2008\X64\POVWIN\DEBUG\TOKENIZE.SBR
D:\JI@AMD\POVWIN_S\POVWIN-3.62\WINDOWS\VS2008\X64\POVWIN\DEBUG\TORUS.OBJ
D:\JI@AMD\POVWIN_S\POVWIN-3.62\WINDOWS\VS2008\X64\POVWIN\DEBUG\TORUS.SBR
D:\JI@AMD\POVWIN_S\POVWIN-3.62\WINDOWS\VS2008\X64\POVWIN\DEBUG\TRIANGLE.OBJ
D:\JI@AMD\POVWIN_S\POVWIN-3.62\WINDOWS\VS2008\X64\POVWIN\DEBUG\TRIANGLE.SBR
D:\JI@AMD\POVWIN_S\POVWIN-3.62\WINDOWS\VS2008\X64\POVWIN\DEBUG\TRUETYPE.OBJ
D:\JI@AMD\POVWIN_S\POVWIN-3.62\WINDOWS\VS2008\X64\POVWIN\DEBUG\TRUETYPE.SBR
D:\JI@AMD\POVWIN_S\POVWIN-3.62\WINDOWS\VS2008\X64\POVWIN\DEBUG\TXTTEST.OBJ
D:\JI@AMD\POVWIN_S\POVWIN-3.62\WINDOWS\VS2008\X64\POVWIN\DEBUG\TXTTEST.SBR
D:\JI@AMD\POVWIN_S\POVWIN-3.62\WINDOWS\VS2008\X64\POVWIN\DEBUG\USERDISP.OBJ
D:\JI@AMD\POVWIN_S\POVWIN-3.62\WINDOWS\VS2008\X64\POVWIN\DEBUG\USERDISP.SBR
D:\JI@AMD\POVWIN_S\POVWIN-3.62\WINDOWS\VS2008\X64\POVWIN\DEBUG\USERIO.OBJ
D:\JI@AMD\POVWIN_S\POVWIN-3.62\WINDOWS\VS2008\X64\POVWIN\DEBUG\USERIO.SBR
D:\JI@AMD\POVWIN_S\POVWIN-3.62\WINDOWS\VS2008\X64\POVWIN\DEBUG\VBUFFER.OBJ
D:\JI@AMD\POVWIN_S\POVWIN-3.62\WINDOWS\VS2008\X64\POVWIN\DEBUG\VBUFFER.SBR
D:\JI@AMD\POVWIN_S\POVWIN-3.62\WINDOWS\VS2008\X64\POVWIN\DEBUG\VLBUFFER.OBJ
D:\JI@AMD\POVWIN_S\POVWIN-3.62\WINDOWS\VS2008\X64\POVWIN\DEBUG\VLBUFFER.SBR
D:\JI@AMD\POVWIN_S\POVWIN-3.62\WINDOWS\VS2008\X64\POVWIN\DEBUG\WARPS.OBJ
D:\JI@AMD\POVWIN_S\POVWIN-3.62\WINDOWS\VS2008\X64\POVWIN\DEBUG\WARPS.SBR
D:\JI@AMD\POVWIN_S\POVWIN-3.62\WINDOWS\VS2008\X64\PVENGINE64D.BSC
D:\JI@AMD\POVWIN_S\POVWIN-3.62\WINDOWS\VS2008\X64\PVENGINE64D.PDB
