D:\Ji@AMD\povwin_s\povwin-3.62\windows\vs2008\\x64\zlib.bsc
D:\Ji@AMD\povwin_s\povwin-3.62\windows\vs2008\\x64\zlib.pdb
D:\JI@AMD\POVWIN_S\POVWIN-3.62\WINDOWS\VS2008\X64\ZLIB.BSC
D:\JI@AMD\POVWIN_S\POVWIN-3.62\WINDOWS\VS2008\X64\ZLIB\DEBUG\ADLER32.OBJ
D:\JI@AMD\POVWIN_S\POVWIN-3.62\WINDOWS\VS2008\X64\ZLIB\DEBUG\ADLER32.SBR
D:\Ji@AMD\povwin_s\povwin-3.62\windows\vs2008\x64\zlib\debug\BscMake.command.1.tlog
D:\Ji@AMD\povwin_s\povwin-3.62\windows\vs2008\x64\zlib\debug\bscmake.read.1.tlog
D:\Ji@AMD\povwin_s\povwin-3.62\windows\vs2008\x64\zlib\debug\bscmake.write.1.tlog
D:\Ji@AMD\povwin_s\povwin-3.62\windows\vs2008\x64\zlib\debug\cl.command.1.tlog
D:\Ji@AMD\povwin_s\povwin-3.62\windows\vs2008\x64\zlib\debug\CL.read.1.tlog
D:\Ji@AMD\povwin_s\povwin-3.62\windows\vs2008\x64\zlib\debug\CL.write.1.tlog
D:\JI@AMD\POVWIN_S\POVWIN-3.62\WINDOWS\VS2008\X64\ZLIB\DEBUG\COMPRESS.OBJ
D:\JI@AMD\POVWIN_S\POVWIN-3.62\WINDOWS\VS2008\X64\ZLIB\DEBUG\COMPRESS.SBR
D:\JI@AMD\POVWIN_S\POVWIN-3.62\WINDOWS\VS2008\X64\ZLIB\DEBUG\CRC32.OBJ
D:\JI@AMD\POVWIN_S\POVWIN-3.62\WINDOWS\VS2008\X64\ZLIB\DEBUG\CRC32.SBR
D:\JI@AMD\POVWIN_S\POVWIN-3.62\WINDOWS\VS2008\X64\ZLIB\DEBUG\DEFLATE.OBJ
D:\JI@AMD\POVWIN_S\POVWIN-3.62\WINDOWS\VS2008\X64\ZLIB\DEBUG\DEFLATE.SBR
D:\JI@AMD\POVWIN_S\POVWIN-3.62\WINDOWS\VS2008\X64\ZLIB\DEBUG\GZIO.OBJ
D:\JI@AMD\POVWIN_S\POVWIN-3.62\WINDOWS\VS2008\X64\ZLIB\DEBUG\GZIO.SBR
D:\JI@AMD\POVWIN_S\POVWIN-3.62\WINDOWS\VS2008\X64\ZLIB\DEBUG\INFFAST.OBJ
D:\JI@AMD\POVWIN_S\POVWIN-3.62\WINDOWS\VS2008\X64\ZLIB\DEBUG\INFFAST.SBR
D:\JI@AMD\POVWIN_S\POVWIN-3.62\WINDOWS\VS2008\X64\ZLIB\DEBUG\INFLATE.OBJ
D:\JI@AMD\POVWIN_S\POVWIN-3.62\WINDOWS\VS2008\X64\ZLIB\DEBUG\INFLATE.SBR
D:\JI@AMD\POVWIN_S\POVWIN-3.62\WINDOWS\VS2008\X64\ZLIB\DEBUG\INFTREES.OBJ
D:\JI@AMD\POVWIN_S\POVWIN-3.62\WINDOWS\VS2008\X64\ZLIB\DEBUG\INFTREES.SBR
D:\Ji@AMD\povwin_s\povwin-3.62\windows\vs2008\x64\zlib\debug\lib.command.1.tlog
D:\Ji@AMD\povwin_s\povwin-3.62\windows\vs2008\x64\zlib\debug\Lib-link.read.1.tlog
D:\Ji@AMD\povwin_s\povwin-3.62\windows\vs2008\x64\zlib\debug\Lib-link.write.1.tlog
D:\JI@AMD\POVWIN_S\POVWIN-3.62\WINDOWS\VS2008\X64\ZLIB\DEBUG\TREES.OBJ
D:\JI@AMD\POVWIN_S\POVWIN-3.62\WINDOWS\VS2008\X64\ZLIB\DEBUG\TREES.SBR
D:\JI@AMD\POVWIN_S\POVWIN-3.62\WINDOWS\VS2008\X64\ZLIB\DEBUG\UNCOMPR.OBJ
D:\JI@AMD\POVWIN_S\POVWIN-3.62\WINDOWS\VS2008\X64\ZLIB\DEBUG\UNCOMPR.SBR
D:\JI@AMD\POVWIN_S\POVWIN-3.62\WINDOWS\VS2008\X64\ZLIB\DEBUG\ZLIB.LIB
D:\JI@AMD\POVWIN_S\POVWIN-3.62\WINDOWS\VS2008\X64\ZLIB\DEBUG\ZLIB.PDB
D:\Ji@AMD\povwin_s\povwin-3.62\windows\vs2008\x64\zlib\debug\zlib.write.1.tlog
D:\JI@AMD\POVWIN_S\POVWIN-3.62\WINDOWS\VS2008\X64\ZLIB\DEBUG\ZUTIL.OBJ
D:\JI@AMD\POVWIN_S\POVWIN-3.62\WINDOWS\VS2008\X64\ZLIB\DEBUG\ZUTIL.SBR
