Build started 4/9/2015 6:38:10 AM.
     1>Project "D:\Ji_AMD\povwin_s\povwin-3.62\windows\vs2008\povwin.vcxproj" on node 4 (build target(s)).
     1>InitializeBuildStatus:
         Touching "D:\Ji_AMD\povwin_s\povwin-3.62\windows\vs2008\Win32\povwin\debug\povwin.unsuccessfulbuild".
       ClCompile:
         d:\Program Files (x86)\Microsoft Visual Studio 10.0\VC\bin\CL.exe /c /I..\ /I..\..\source /I..\..\source\base /I..\..\source\frontend /I"..\..\source-private" /I..\..\libraries\jpeg /I..\..\libraries\zlib /I..\..\libraries\png /I..\..\libraries\tiff\libtiff /Zi /nologo /W3 /WX- /Od /Oi /Oy- /D _DEBUG /D WIN32 /D _WINDOWS /D WINVER=0x0500 /D _WIN32_WINNT=0x0500 /D COMMONCTRL_VERSION=0x500 /D CLASSLIB_DEFS_H /D NOMINMAX /D ISOLATION_AWARE_ENABLED /D _CRT_SECURE_NO_WARNINGS=1 /GF /Gm- /EHsc /MTd /Zp4 /GS /fp:precise /Zc:wchar_t /Zc:forScope /Fo"D:\Ji_AMD\povwin_s\povwin-3.62\windows\vs2008\Win32\povwin\debug\\" /Fd"D:\Ji_AMD\povwin_s\povwin-3.62\windows\vs2008\Win32\pvengine32d.pdb" /FR"D:\Ji_AMD\povwin_s\povwin-3.62\windows\vs2008\Win32\povwin\debug\\" /Gd /TP /wd4996 /analyze- /errorReport:prompt ..\..\source\render.cpp
         render.cpp
     1>..\..\source\render.cpp(803): warning C4805: '==' : unsafe mix of type 'volatile int' and type 'bool' in operation
       ResourceCompile:
         All outputs are up-to-date.
       Link:
         d:\Program Files (x86)\Microsoft Visual Studio 10.0\VC\bin\link.exe /ERRORREPORT:PROMPT /OUT:"Win32\povwin.exe" /INCREMENTAL:NO /NOLOGO comctl32.lib gdi32.lib user32.lib kernel32.lib advapi32.lib shell32.lib kernel32.lib user32.lib gdi32.lib winspool.lib comdlg32.lib advapi32.lib shell32.lib ole32.lib oleaut32.lib uuid.lib odbc32.lib odbccp32.lib /MANIFEST /ManifestFile:"D:\Ji_AMD\povwin_s\povwin-3.62\windows\vs2008\Win32\povwin\debug\povwin.exe.intermediate.manifest" /MANIFESTUAC:"level='asInvoker' uiAccess='false'" /DEBUG /PDB:"D:\Ji_AMD\povwin_s\povwin-3.62\windows\vs2008\Win32\pvengine32d.pdb" /SUBSYSTEM:WINDOWS /STACK:"2097152" /LARGEADDRESSAWARE /LTCG /TLBID:1 /DYNAMICBASE:NO /IMPLIB:"D:\Ji_AMD\povwin_s\povwin-3.62\windows\vs2008\Win32\povwin.lib" /MACHINE:X86 "D:\Ji_AMD\povwin_s\povwin-3.62\windows\vs2008\Win32\povwin\debug\pvengine.res"
         "D:\Ji_AMD\povwin_s\povwin-3.62\windows\vs2008\Win32\povwin\debug\atmosph.obj"
         "D:\Ji_AMD\povwin_s\povwin-3.62\windows\vs2008\Win32\povwin\debug\bbox.obj"
         "D:\Ji_AMD\povwin_s\povwin-3.62\windows\vs2008\Win32\povwin\debug\bcyl.obj"
         "D:\Ji_AMD\povwin_s\povwin-3.62\windows\vs2008\Win32\povwin\debug\benchmark.obj"
         "D:\Ji_AMD\povwin_s\povwin-3.62\windows\vs2008\Win32\povwin\debug\bezier.obj"
         "D:\Ji_AMD\povwin_s\povwin-3.62\windows\vs2008\Win32\povwin\debug\blob.obj"
         "D:\Ji_AMD\povwin_s\povwin-3.62\windows\vs2008\Win32\povwin\debug\boxes.obj"
         "D:\Ji_AMD\povwin_s\povwin-3.62\windows\vs2008\Win32\povwin\debug\bsphere.obj"
         "D:\Ji_AMD\povwin_s\povwin-3.62\windows\vs2008\Win32\povwin\debug\camera.obj"
         "D:\Ji_AMD\povwin_s\povwin-3.62\windows\vs2008\Win32\povwin\debug\chi2.obj"
         "D:\Ji_AMD\povwin_s\povwin-3.62\windows\vs2008\Win32\povwin\debug\colour.obj"
         "D:\Ji_AMD\povwin_s\povwin-3.62\windows\vs2008\Win32\povwin\debug\colutils.obj"
         "D:\Ji_AMD\povwin_s\povwin-3.62\windows\vs2008\Win32\povwin\debug\cones.obj"
         "D:\Ji_AMD\povwin_s\povwin-3.62\windows\vs2008\Win32\povwin\debug\csg.obj"
         "D:\Ji_AMD\povwin_s\povwin-3.62\windows\vs2008\Win32\povwin\debug\defaultplatformbase.obj"
         "D:\Ji_AMD\povwin_s\povwin-3.62\windows\vs2008\Win32\povwin\debug\defaultrenderfrontend.obj"
         "D:\Ji_AMD\povwin_s\povwin-3.62\windows\vs2008\Win32\povwin\debug\discs.obj"
         "D:\Ji_AMD\povwin_s\povwin-3.62\windows\vs2008\Win32\povwin\debug\express.obj"
         "D:\Ji_AMD\povwin_s\povwin-3.62\windows\vs2008\Win32\povwin\debug\fileinputoutput.obj"
         "D:\Ji_AMD\povwin_s\povwin-3.62\windows\vs2008\Win32\povwin\debug\fncode.obj"
         "D:\Ji_AMD\povwin_s\povwin-3.62\windows\vs2008\Win32\povwin\debug\fnintern.obj"
         "D:\Ji_AMD\povwin_s\povwin-3.62\windows\vs2008\Win32\povwin\debug\fnpovfpu.obj"
         "D:\Ji_AMD\povwin_s\povwin-3.62\windows\vs2008\Win32\povwin\debug\fnsyntax.obj"
         "D:\Ji_AMD\povwin_s\povwin-3.62\windows\vs2008\Win32\povwin\debug\fpmetric.obj"
         "D:\Ji_AMD\povwin_s\povwin-3.62\windows\vs2008\Win32\povwin\debug\fractal.obj"
         "D:\Ji_AMD\povwin_s\povwin-3.62\windows\vs2008\Win32\povwin\debug\function.obj"
         "D:\Ji_AMD\povwin_s\povwin-3.62\windows\vs2008\Win32\povwin\debug\gif.obj"
         "D:\Ji_AMD\povwin_s\povwin-3.62\windows\vs2008\Win32\povwin\debug\gifdecod.obj"
         "D:\Ji_AMD\povwin_s\povwin-3.62\windows\vs2008\Win32\povwin\debug\hcmplx.obj"
         "D:\Ji_AMD\povwin_s\povwin-3.62\windows\vs2008\Win32\povwin\debug\hfield.obj"
         "D:\Ji_AMD\povwin_s\povwin-3.62\windows\vs2008\Win32\povwin\debug\histogra.obj"
         "D:\Ji_AMD\povwin_s\povwin-3.62\windows\vs2008\Win32\povwin\debug\iff.obj"
         "D:\Ji_AMD\povwin_s\povwin-3.62\windows\vs2008\Win32\povwin\debug\image.obj"
         "D:\Ji_AMD\povwin_s\povwin-3.62\windows\vs2008\Win32\povwin\debug\interior.obj"
         "D:\Ji_AMD\povwin_s\povwin-3.62\windows\vs2008\Win32\povwin\debug\isosurf.obj"
         "D:\Ji_AMD\povwin_s\povwin-3.62\windows\vs2008\Win32\povwin\debug\jpeg_pov.obj"
         "D:\Ji_AMD\povwin_s\povwin-3.62\windows\vs2008\Win32\povwin\debug\lathe.obj"
         "D:\Ji_AMD\povwin_s\povwin-3.62\windows\vs2008\Win32\povwin\debug\lbuffer.obj"
         "D:\Ji_AMD\povwin_s\povwin-3.62\windows\vs2008\Win32\povwin\debug\lightgrp.obj"
         "D:\Ji_AMD\povwin_s\povwin-3.62\windows\vs2008\Win32\povwin\debug\lighting.obj"
         "D:\Ji_AMD\povwin_s\povwin-3.62\windows\vs2008\Win32\povwin\debug\mathutil.obj"
         "D:\Ji_AMD\povwin_s\povwin-3.62\windows\vs2008\Win32\povwin\debug\matrices.obj"
         "D:\Ji_AMD\povwin_s\povwin-3.62\windows\vs2008\Win32\povwin\debug\media.obj"
         "D:\Ji_AMD\povwin_s\povwin-3.62\windows\vs2008\Win32\povwin\debug\mesh.obj"
         "D:\Ji_AMD\povwin_s\povwin-3.62\windows\vs2008\Win32\povwin\debug\messageoutput.obj"
         "D:\Ji_AMD\povwin_s\povwin-3.62\windows\vs2008\Win32\povwin\debug\normal.obj"
         "D:\Ji_AMD\povwin_s\povwin-3.62\windows\vs2008\Win32\povwin\debug\objects.obj"
         "D:\Ji_AMD\povwin_s\povwin-3.62\windows\vs2008\Win32\povwin\debug\octree.obj"
         "D:\Ji_AMD\povwin_s\povwin-3.62\windows\vs2008\Win32\povwin\debug\optout.obj"
         "D:\Ji_AMD\povwin_s\povwin-3.62\windows\vs2008\Win32\povwin\debug\parse.obj"
         "D:\Ji_AMD\povwin_s\povwin-3.62\windows\vs2008\Win32\povwin\debug\parsestr.obj"
         "D:\Ji_AMD\povwin_s\povwin-3.62\windows\vs2008\Win32\povwin\debug\parstxtr.obj"
         "D:\Ji_AMD\povwin_s\povwin-3.62\windows\vs2008\Win32\povwin\debug\pattern.obj"
         "D:\Ji_AMD\povwin_s\povwin-3.62\windows\vs2008\Win32\povwin\debug\pgm.obj"
         "D:\Ji_AMD\povwin_s\povwin-3.62\windows\vs2008\Win32\povwin\debug\photons.obj"
         "D:\Ji_AMD\povwin_s\povwin-3.62\windows\vs2008\Win32\povwin\debug\pigment.obj"
         "D:\Ji_AMD\povwin_s\povwin-3.62\windows\vs2008\Win32\povwin\debug\planes.obj"
         "D:\Ji_AMD\povwin_s\povwin-3.62\windows\vs2008\Win32\povwin\debug\png_pov.obj"
         "D:\Ji_AMD\povwin_s\povwin-3.62\windows\vs2008\Win32\povwin\debug\point.obj"
         "D:\Ji_AMD\povwin_s\povwin-3.62\windows\vs2008\Win32\povwin\debug\poly.obj"
         "D:\Ji_AMD\povwin_s\povwin-3.62\windows\vs2008\Win32\povwin\debug\polygon.obj"
         "D:\Ji_AMD\povwin_s\povwin-3.62\windows\vs2008\Win32\povwin\debug\polysolv.obj"
         "D:\Ji_AMD\povwin_s\povwin-3.62\windows\vs2008\Win32\povwin\debug\pov_mem.obj"
         "D:\Ji_AMD\povwin_s\povwin-3.62\windows\vs2008\Win32\povwin\debug\pov_util.obj"
         "D:\Ji_AMD\povwin_s\povwin-3.62\windows\vs2008\Win32\povwin\debug\povms.obj"
         "D:\Ji_AMD\povwin_s\povwin-3.62\windows\vs2008\Win32\povwin\debug\povmscpp.obj"
         "D:\Ji_AMD\povwin_s\povwin-3.62\windows\vs2008\Win32\povwin\debug\povmsend.obj"
         "D:\Ji_AMD\povwin_s\povwin-3.62\windows\vs2008\Win32\povwin\debug\povmsrec.obj"
         "D:\Ji_AMD\povwin_s\povwin-3.62\windows\vs2008\Win32\povwin\debug\povray.obj"
         "D:\Ji_AMD\povwin_s\povwin-3.62\windows\vs2008\Win32\povwin\debug\ppm.obj"
         "D:\Ji_AMD\povwin_s\povwin-3.62\windows\vs2008\Win32\povwin\debug\prism.obj"
         "D:\Ji_AMD\povwin_s\povwin-3.62\windows\vs2008\Win32\povwin\debug\processoptions.obj"
         "D:\Ji_AMD\povwin_s\povwin-3.62\windows\vs2008\Win32\povwin\debug\processrenderoptions.obj"
         "D:\Ji_AMD\povwin_s\povwin-3.62\windows\vs2008\Win32\povwin\debug\quadrics.obj"
         "D:\Ji_AMD\povwin_s\povwin-3.62\windows\vs2008\Win32\povwin\debug\quatern.obj"
         "D:\Ji_AMD\povwin_s\povwin-3.62\windows\vs2008\Win32\povwin\debug\rad_data.obj"
         "D:\Ji_AMD\povwin_s\povwin-3.62\windows\vs2008\Win32\povwin\debug\radiosit.obj"
         "D:\Ji_AMD\povwin_s\povwin-3.62\windows\vs2008\Win32\povwin\debug\ray.obj"
         "D:\Ji_AMD\povwin_s\povwin-3.62\windows\vs2008\Win32\povwin\debug\rendctrl.obj"
         "D:\Ji_AMD\povwin_s\povwin-3.62\windows\vs2008\Win32\povwin\debug\render.obj"
         "D:\Ji_AMD\povwin_s\povwin-3.62\windows\vs2008\Win32\povwin\debug\renderfrontend.obj"
         "D:\Ji_AMD\povwin_s\povwin-3.62\windows\vs2008\Win32\povwin\debug\renderio.obj"
         "D:\Ji_AMD\povwin_s\povwin-3.62\windows\vs2008\Win32\povwin\debug\reswords.obj"
         "D:\Ji_AMD\povwin_s\povwin-3.62\windows\vs2008\Win32\povwin\debug\sor.obj"
         "D:\Ji_AMD\povwin_s\povwin-3.62\windows\vs2008\Win32\povwin\debug\spheres.obj"
         "D:\Ji_AMD\povwin_s\povwin-3.62\windows\vs2008\Win32\povwin\debug\sphsweep.obj"
         "D:\Ji_AMD\povwin_s\povwin-3.62\windows\vs2008\Win32\povwin\debug\splines.obj"
         "D:\Ji_AMD\povwin_s\povwin-3.62\windows\vs2008\Win32\povwin\debug\statspov.obj"
         "D:\Ji_AMD\povwin_s\povwin-3.62\windows\vs2008\Win32\povwin\debug\stringutilities.obj"
         "D:\Ji_AMD\povwin_s\povwin-3.62\windows\vs2008\Win32\povwin\debug\super.obj"
         "D:\Ji_AMD\povwin_s\povwin-3.62\windows\vs2008\Win32\povwin\debug\targa.obj"
         "D:\Ji_AMD\povwin_s\povwin-3.62\windows\vs2008\Win32\povwin\debug\textstream.obj"
         "D:\Ji_AMD\povwin_s\povwin-3.62\windows\vs2008\Win32\povwin\debug\textstreambuffer.obj"
         "D:\Ji_AMD\povwin_s\povwin-3.62\windows\vs2008\Win32\povwin\debug\texture.obj"
         "D:\Ji_AMD\povwin_s\povwin-3.62\windows\vs2008\Win32\povwin\debug\tiff_pov.obj"
         "D:\Ji_AMD\povwin_s\povwin-3.62\windows\vs2008\Win32\povwin\debug\tokenize.obj"
         "D:\Ji_AMD\povwin_s\povwin-3.62\windows\vs2008\Win32\povwin\debug\torus.obj"
         "D:\Ji_AMD\povwin_s\povwin-3.62\windows\vs2008\Win32\povwin\debug\triangle.obj"
         "D:\Ji_AMD\povwin_s\povwin-3.62\windows\vs2008\Win32\povwin\debug\truetype.obj"
         "D:\Ji_AMD\povwin_s\povwin-3.62\windows\vs2008\Win32\povwin\debug\txttest.obj"
         "D:\Ji_AMD\povwin_s\povwin-3.62\windows\vs2008\Win32\povwin\debug\userdisp.obj"
         "D:\Ji_AMD\povwin_s\povwin-3.62\windows\vs2008\Win32\povwin\debug\userio.obj"
         "D:\Ji_AMD\povwin_s\povwin-3.62\windows\vs2008\Win32\povwin\debug\vbuffer.obj"
         "D:\Ji_AMD\povwin_s\povwin-3.62\windows\vs2008\Win32\povwin\debug\vlbuffer.obj"
         "D:\Ji_AMD\povwin_s\povwin-3.62\windows\vs2008\Win32\povwin\debug\warps.obj"
         "D:\Ji_AMD\povwin_s\povwin-3.62\windows\vs2008\Win32\povwin\debug\pvbitmap.obj"
         "D:\Ji_AMD\povwin_s\povwin-3.62\windows\vs2008\Win32\povwin\debug\pvbmp.obj"
         "D:\Ji_AMD\povwin_s\povwin-3.62\windows\vs2008\Win32\povwin\debug\pvdialog.obj"
         "D:\Ji_AMD\povwin_s\povwin-3.62\windows\vs2008\Win32\povwin\debug\pvedit.obj"
         "D:\Ji_AMD\povwin_s\povwin-3.62\windows\vs2008\Win32\povwin\debug\pvengine.obj"
         "D:\Ji_AMD\povwin_s\povwin-3.62\windows\vs2008\Win32\povwin\debug\pvfiles.obj"
         "D:\Ji_AMD\povwin_s\povwin-3.62\windows\vs2008\Win32\povwin\debug\pvfrontend.obj"
         "D:\Ji_AMD\povwin_s\povwin-3.62\windows\vs2008\Win32\povwin\debug\pvguiext.obj"
         "D:\Ji_AMD\povwin_s\povwin-3.62\windows\vs2008\Win32\povwin\debug\pvmenu.obj"
         "D:\Ji_AMD\povwin_s\povwin-3.62\windows\vs2008\Win32\povwin\debug\pvmisc.obj"
         "D:\Ji_AMD\povwin_s\povwin-3.62\windows\vs2008\Win32\povwin\debug\pvtext.obj"
         "D:\Ji_AMD\povwin_s\povwin-3.62\windows\vs2008\Win32\jpeg\debug\jpeg.lib"
         "D:\Ji_AMD\povwin_s\povwin-3.62\windows\vs2008\Win32\zlib\debug\zlib.lib"
         "D:\Ji_AMD\povwin_s\povwin-3.62\windows\vs2008\Win32\libpng\debug\libpng.lib"
         "D:\Ji_AMD\povwin_s\povwin-3.62\windows\vs2008\Win32\tiff\debug\tiff.lib"
         LINK : /LTCG specified but no code generation required; remove /LTCG from the link command line to improve linker performance
         povwin.vcxproj -> D:\Ji_AMD\povwin_s\povwin-3.62\windows\vs2008\Win32\povwin.exe
       Manifest:
         C:\Program Files (x86)\Microsoft SDKs\Windows\v7.0A\bin\mt.exe /nologo /verbose /outputresource:"Win32\povwin.exe;#1" /manifest "D:\Ji_AMD\povwin_s\povwin-3.62\windows\vs2008\Win32\povwin\debug\povwin.exe.intermediate.manifest" ..\pvengine32.manifest
       BscMake:
         All outputs are up-to-date.
       FinalizeBuildStatus:
         Deleting file "D:\Ji_AMD\povwin_s\povwin-3.62\windows\vs2008\Win32\povwin\debug\povwin.unsuccessfulbuild".
         Touching "D:\Ji_AMD\povwin_s\povwin-3.62\windows\vs2008\Win32\povwin\debug\povwin.lastbuildstate".
     1>Done Building Project "D:\Ji_AMD\povwin_s\povwin-3.62\windows\vs2008\povwin.vcxproj" (build target(s)).

Build succeeded.

Time Elapsed 00:00:02.07
