D:\JI@AMD\POVWIN_S\POVWIN-3.62\WINDOWS\VS2008\X64\DEBUG\JPEG.BSC
D:\Ji@AMD\povwin_s\povwin-3.62\windows\vs2008\x64\debug\jpeg.pdb
D:\Ji@AMD\povwin_s\povwin-3.62\windows\vs2008\x64\jpeg\debug\BscMake.command.1.tlog
D:\Ji@AMD\povwin_s\povwin-3.62\windows\vs2008\x64\jpeg\debug\bscmake.read.1.tlog
D:\Ji@AMD\povwin_s\povwin-3.62\windows\vs2008\x64\jpeg\debug\bscmake.write.1.tlog
D:\Ji@AMD\povwin_s\povwin-3.62\windows\vs2008\x64\jpeg\debug\cl.command.1.tlog
D:\Ji@AMD\povwin_s\povwin-3.62\windows\vs2008\x64\jpeg\debug\CL.read.1.tlog
D:\Ji@AMD\povwin_s\povwin-3.62\windows\vs2008\x64\jpeg\debug\CL.write.1.tlog
D:\JI@AMD\POVWIN_S\POVWIN-3.62\WINDOWS\VS2008\X64\JPEG\DEBUG\JCAPIMIN.OBJ
D:\JI@AMD\POVWIN_S\POVWIN-3.62\WINDOWS\VS2008\X64\JPEG\DEBUG\JCAPIMIN.SBR
D:\JI@AMD\POVWIN_S\POVWIN-3.62\WINDOWS\VS2008\X64\JPEG\DEBUG\JCAPISTD.OBJ
D:\JI@AMD\POVWIN_S\POVWIN-3.62\WINDOWS\VS2008\X64\JPEG\DEBUG\JCAPISTD.SBR
D:\JI@AMD\POVWIN_S\POVWIN-3.62\WINDOWS\VS2008\X64\JPEG\DEBUG\JCCOEFCT.OBJ
D:\JI@AMD\POVWIN_S\POVWIN-3.62\WINDOWS\VS2008\X64\JPEG\DEBUG\JCCOEFCT.SBR
D:\JI@AMD\POVWIN_S\POVWIN-3.62\WINDOWS\VS2008\X64\JPEG\DEBUG\JCCOLOR.OBJ
D:\JI@AMD\POVWIN_S\POVWIN-3.62\WINDOWS\VS2008\X64\JPEG\DEBUG\JCCOLOR.SBR
D:\JI@AMD\POVWIN_S\POVWIN-3.62\WINDOWS\VS2008\X64\JPEG\DEBUG\JCDCTMGR.OBJ
D:\JI@AMD\POVWIN_S\POVWIN-3.62\WINDOWS\VS2008\X64\JPEG\DEBUG\JCDCTMGR.SBR
D:\JI@AMD\POVWIN_S\POVWIN-3.62\WINDOWS\VS2008\X64\JPEG\DEBUG\JCHUFF.OBJ
D:\JI@AMD\POVWIN_S\POVWIN-3.62\WINDOWS\VS2008\X64\JPEG\DEBUG\JCHUFF.SBR
D:\JI@AMD\POVWIN_S\POVWIN-3.62\WINDOWS\VS2008\X64\JPEG\DEBUG\JCINIT.OBJ
D:\JI@AMD\POVWIN_S\POVWIN-3.62\WINDOWS\VS2008\X64\JPEG\DEBUG\JCINIT.SBR
D:\JI@AMD\POVWIN_S\POVWIN-3.62\WINDOWS\VS2008\X64\JPEG\DEBUG\JCMAINCT.OBJ
D:\JI@AMD\POVWIN_S\POVWIN-3.62\WINDOWS\VS2008\X64\JPEG\DEBUG\JCMAINCT.SBR
D:\JI@AMD\POVWIN_S\POVWIN-3.62\WINDOWS\VS2008\X64\JPEG\DEBUG\JCMARKER.OBJ
D:\JI@AMD\POVWIN_S\POVWIN-3.62\WINDOWS\VS2008\X64\JPEG\DEBUG\JCMARKER.SBR
D:\JI@AMD\POVWIN_S\POVWIN-3.62\WINDOWS\VS2008\X64\JPEG\DEBUG\JCMASTER.OBJ
D:\JI@AMD\POVWIN_S\POVWIN-3.62\WINDOWS\VS2008\X64\JPEG\DEBUG\JCMASTER.SBR
D:\JI@AMD\POVWIN_S\POVWIN-3.62\WINDOWS\VS2008\X64\JPEG\DEBUG\JCOMAPI.OBJ
D:\JI@AMD\POVWIN_S\POVWIN-3.62\WINDOWS\VS2008\X64\JPEG\DEBUG\JCOMAPI.SBR
D:\JI@AMD\POVWIN_S\POVWIN-3.62\WINDOWS\VS2008\X64\JPEG\DEBUG\JCPARAM.OBJ
D:\JI@AMD\POVWIN_S\POVWIN-3.62\WINDOWS\VS2008\X64\JPEG\DEBUG\JCPARAM.SBR
D:\JI@AMD\POVWIN_S\POVWIN-3.62\WINDOWS\VS2008\X64\JPEG\DEBUG\JCPHUFF.OBJ
D:\JI@AMD\POVWIN_S\POVWIN-3.62\WINDOWS\VS2008\X64\JPEG\DEBUG\JCPHUFF.SBR
D:\JI@AMD\POVWIN_S\POVWIN-3.62\WINDOWS\VS2008\X64\JPEG\DEBUG\JCPREPCT.OBJ
D:\JI@AMD\POVWIN_S\POVWIN-3.62\WINDOWS\VS2008\X64\JPEG\DEBUG\JCPREPCT.SBR
D:\JI@AMD\POVWIN_S\POVWIN-3.62\WINDOWS\VS2008\X64\JPEG\DEBUG\JCSAMPLE.OBJ
D:\JI@AMD\POVWIN_S\POVWIN-3.62\WINDOWS\VS2008\X64\JPEG\DEBUG\JCSAMPLE.SBR
D:\JI@AMD\POVWIN_S\POVWIN-3.62\WINDOWS\VS2008\X64\JPEG\DEBUG\JCTRANS.OBJ
D:\JI@AMD\POVWIN_S\POVWIN-3.62\WINDOWS\VS2008\X64\JPEG\DEBUG\JCTRANS.SBR
D:\JI@AMD\POVWIN_S\POVWIN-3.62\WINDOWS\VS2008\X64\JPEG\DEBUG\JDAPIMIN.OBJ
D:\JI@AMD\POVWIN_S\POVWIN-3.62\WINDOWS\VS2008\X64\JPEG\DEBUG\JDAPIMIN.SBR
D:\JI@AMD\POVWIN_S\POVWIN-3.62\WINDOWS\VS2008\X64\JPEG\DEBUG\JDAPISTD.OBJ
D:\JI@AMD\POVWIN_S\POVWIN-3.62\WINDOWS\VS2008\X64\JPEG\DEBUG\JDAPISTD.SBR
D:\JI@AMD\POVWIN_S\POVWIN-3.62\WINDOWS\VS2008\X64\JPEG\DEBUG\JDATADST.OBJ
D:\JI@AMD\POVWIN_S\POVWIN-3.62\WINDOWS\VS2008\X64\JPEG\DEBUG\JDATADST.SBR
D:\JI@AMD\POVWIN_S\POVWIN-3.62\WINDOWS\VS2008\X64\JPEG\DEBUG\JDATASRC.OBJ
D:\JI@AMD\POVWIN_S\POVWIN-3.62\WINDOWS\VS2008\X64\JPEG\DEBUG\JDATASRC.SBR
D:\JI@AMD\POVWIN_S\POVWIN-3.62\WINDOWS\VS2008\X64\JPEG\DEBUG\JDCOEFCT.OBJ
D:\JI@AMD\POVWIN_S\POVWIN-3.62\WINDOWS\VS2008\X64\JPEG\DEBUG\JDCOEFCT.SBR
D:\JI@AMD\POVWIN_S\POVWIN-3.62\WINDOWS\VS2008\X64\JPEG\DEBUG\JDCOLOR.OBJ
D:\JI@AMD\POVWIN_S\POVWIN-3.62\WINDOWS\VS2008\X64\JPEG\DEBUG\JDCOLOR.SBR
D:\JI@AMD\POVWIN_S\POVWIN-3.62\WINDOWS\VS2008\X64\JPEG\DEBUG\JDDCTMGR.OBJ
D:\JI@AMD\POVWIN_S\POVWIN-3.62\WINDOWS\VS2008\X64\JPEG\DEBUG\JDDCTMGR.SBR
D:\JI@AMD\POVWIN_S\POVWIN-3.62\WINDOWS\VS2008\X64\JPEG\DEBUG\JDHUFF.OBJ
D:\JI@AMD\POVWIN_S\POVWIN-3.62\WINDOWS\VS2008\X64\JPEG\DEBUG\JDHUFF.SBR
D:\JI@AMD\POVWIN_S\POVWIN-3.62\WINDOWS\VS2008\X64\JPEG\DEBUG\JDINPUT.OBJ
D:\JI@AMD\POVWIN_S\POVWIN-3.62\WINDOWS\VS2008\X64\JPEG\DEBUG\JDINPUT.SBR
D:\JI@AMD\POVWIN_S\POVWIN-3.62\WINDOWS\VS2008\X64\JPEG\DEBUG\JDMAINCT.OBJ
D:\JI@AMD\POVWIN_S\POVWIN-3.62\WINDOWS\VS2008\X64\JPEG\DEBUG\JDMAINCT.SBR
D:\JI@AMD\POVWIN_S\POVWIN-3.62\WINDOWS\VS2008\X64\JPEG\DEBUG\JDMARKER.OBJ
D:\JI@AMD\POVWIN_S\POVWIN-3.62\WINDOWS\VS2008\X64\JPEG\DEBUG\JDMARKER.SBR
D:\JI@AMD\POVWIN_S\POVWIN-3.62\WINDOWS\VS2008\X64\JPEG\DEBUG\JDMASTER.OBJ
D:\JI@AMD\POVWIN_S\POVWIN-3.62\WINDOWS\VS2008\X64\JPEG\DEBUG\JDMASTER.SBR
D:\JI@AMD\POVWIN_S\POVWIN-3.62\WINDOWS\VS2008\X64\JPEG\DEBUG\JDMERGE.OBJ
D:\JI@AMD\POVWIN_S\POVWIN-3.62\WINDOWS\VS2008\X64\JPEG\DEBUG\JDMERGE.SBR
D:\JI@AMD\POVWIN_S\POVWIN-3.62\WINDOWS\VS2008\X64\JPEG\DEBUG\JDPHUFF.OBJ
D:\JI@AMD\POVWIN_S\POVWIN-3.62\WINDOWS\VS2008\X64\JPEG\DEBUG\JDPHUFF.SBR
D:\JI@AMD\POVWIN_S\POVWIN-3.62\WINDOWS\VS2008\X64\JPEG\DEBUG\JDPOSTCT.OBJ
D:\JI@AMD\POVWIN_S\POVWIN-3.62\WINDOWS\VS2008\X64\JPEG\DEBUG\JDPOSTCT.SBR
D:\JI@AMD\POVWIN_S\POVWIN-3.62\WINDOWS\VS2008\X64\JPEG\DEBUG\JDSAMPLE.OBJ
D:\JI@AMD\POVWIN_S\POVWIN-3.62\WINDOWS\VS2008\X64\JPEG\DEBUG\JDSAMPLE.SBR
D:\JI@AMD\POVWIN_S\POVWIN-3.62\WINDOWS\VS2008\X64\JPEG\DEBUG\JDTRANS.OBJ
D:\JI@AMD\POVWIN_S\POVWIN-3.62\WINDOWS\VS2008\X64\JPEG\DEBUG\JDTRANS.SBR
D:\JI@AMD\POVWIN_S\POVWIN-3.62\WINDOWS\VS2008\X64\JPEG\DEBUG\JERROR.OBJ
D:\JI@AMD\POVWIN_S\POVWIN-3.62\WINDOWS\VS2008\X64\JPEG\DEBUG\JERROR.SBR
D:\JI@AMD\POVWIN_S\POVWIN-3.62\WINDOWS\VS2008\X64\JPEG\DEBUG\JFDCTFLT.OBJ
D:\JI@AMD\POVWIN_S\POVWIN-3.62\WINDOWS\VS2008\X64\JPEG\DEBUG\JFDCTFLT.SBR
D:\JI@AMD\POVWIN_S\POVWIN-3.62\WINDOWS\VS2008\X64\JPEG\DEBUG\JFDCTFST.OBJ
D:\JI@AMD\POVWIN_S\POVWIN-3.62\WINDOWS\VS2008\X64\JPEG\DEBUG\JFDCTFST.SBR
D:\JI@AMD\POVWIN_S\POVWIN-3.62\WINDOWS\VS2008\X64\JPEG\DEBUG\JFDCTINT.OBJ
D:\JI@AMD\POVWIN_S\POVWIN-3.62\WINDOWS\VS2008\X64\JPEG\DEBUG\JFDCTINT.SBR
D:\JI@AMD\POVWIN_S\POVWIN-3.62\WINDOWS\VS2008\X64\JPEG\DEBUG\JIDCTFLT.OBJ
D:\JI@AMD\POVWIN_S\POVWIN-3.62\WINDOWS\VS2008\X64\JPEG\DEBUG\JIDCTFLT.SBR
D:\JI@AMD\POVWIN_S\POVWIN-3.62\WINDOWS\VS2008\X64\JPEG\DEBUG\JIDCTFST.OBJ
D:\JI@AMD\POVWIN_S\POVWIN-3.62\WINDOWS\VS2008\X64\JPEG\DEBUG\JIDCTFST.SBR
D:\JI@AMD\POVWIN_S\POVWIN-3.62\WINDOWS\VS2008\X64\JPEG\DEBUG\JIDCTINT.OBJ
D:\JI@AMD\POVWIN_S\POVWIN-3.62\WINDOWS\VS2008\X64\JPEG\DEBUG\JIDCTINT.SBR
D:\JI@AMD\POVWIN_S\POVWIN-3.62\WINDOWS\VS2008\X64\JPEG\DEBUG\JIDCTRED.OBJ
D:\JI@AMD\POVWIN_S\POVWIN-3.62\WINDOWS\VS2008\X64\JPEG\DEBUG\JIDCTRED.SBR
D:\JI@AMD\POVWIN_S\POVWIN-3.62\WINDOWS\VS2008\X64\JPEG\DEBUG\JMEMMGR.OBJ
D:\JI@AMD\POVWIN_S\POVWIN-3.62\WINDOWS\VS2008\X64\JPEG\DEBUG\JMEMMGR.SBR
D:\JI@AMD\POVWIN_S\POVWIN-3.62\WINDOWS\VS2008\X64\JPEG\DEBUG\JMEMNOBS.OBJ
D:\JI@AMD\POVWIN_S\POVWIN-3.62\WINDOWS\VS2008\X64\JPEG\DEBUG\JMEMNOBS.SBR
D:\JI@AMD\POVWIN_S\POVWIN-3.62\WINDOWS\VS2008\X64\JPEG\DEBUG\JPEG.LIB
D:\JI@AMD\POVWIN_S\POVWIN-3.62\WINDOWS\VS2008\X64\JPEG\DEBUG\JPEG.PDB
D:\Ji@AMD\povwin_s\povwin-3.62\windows\vs2008\x64\jpeg\debug\jpeg.write.1.tlog
D:\JI@AMD\POVWIN_S\POVWIN-3.62\WINDOWS\VS2008\X64\JPEG\DEBUG\JQUANT1.OBJ
D:\JI@AMD\POVWIN_S\POVWIN-3.62\WINDOWS\VS2008\X64\JPEG\DEBUG\JQUANT1.SBR
D:\JI@AMD\POVWIN_S\POVWIN-3.62\WINDOWS\VS2008\X64\JPEG\DEBUG\JQUANT2.OBJ
D:\JI@AMD\POVWIN_S\POVWIN-3.62\WINDOWS\VS2008\X64\JPEG\DEBUG\JQUANT2.SBR
D:\JI@AMD\POVWIN_S\POVWIN-3.62\WINDOWS\VS2008\X64\JPEG\DEBUG\JUTILS.OBJ
D:\JI@AMD\POVWIN_S\POVWIN-3.62\WINDOWS\VS2008\X64\JPEG\DEBUG\JUTILS.SBR
D:\Ji@AMD\povwin_s\povwin-3.62\windows\vs2008\x64\jpeg\debug\lib.command.1.tlog
D:\Ji@AMD\povwin_s\povwin-3.62\windows\vs2008\x64\jpeg\debug\Lib-link.read.1.tlog
D:\Ji@AMD\povwin_s\povwin-3.62\windows\vs2008\x64\jpeg\debug\Lib-link.write.1.tlog
